<?xml version="1.0" encoding="UTF-8"?>
<coverage generated="1757240687371" clover="3.2.0">
  <project timestamp="1757240687371" name="All files">
    <metrics statements="169" coveredstatements="110" conditionals="83" coveredconditionals="34" methods="46" coveredmethods="28" elements="298" coveredelements="172" complexity="0" loc="169" ncloc="169" packages="7" files="21" classes="21"/>
    <package name="src">
      <metrics statements="27" coveredstatements="20" conditionals="8" coveredconditionals="5" methods="5" coveredmethods="2"/>
      <file name="app.js" path="C:\Users\XriyalVixen\OneDrive\Documents\Code\Projects\ProjectCadence\weeks\W05_20250901_rest-api\src\app.js">
        <metrics statements="23" coveredstatements="19" conditionals="2" coveredconditionals="1" methods="4" coveredmethods="2"/>
        <line num="16" count="4" type="stmt"/>
        <line num="17" count="4" type="stmt"/>
        <line num="19" count="4" type="stmt"/>
        <line num="20" count="4" type="stmt"/>
        <line num="21" count="4" type="stmt"/>
        <line num="22" count="4" type="stmt"/>
        <line num="23" count="4" type="stmt"/>
        <line num="25" count="15" type="stmt"/>
        <line num="26" count="4" type="stmt"/>
        <line num="27" count="4" type="stmt"/>
        <line num="31" count="4" type="stmt"/>
        <line num="32" count="0" type="stmt"/>
        <line num="38" count="4" type="stmt"/>
        <line num="39" count="4" type="stmt"/>
        <line num="40" count="4" type="stmt"/>
        <line num="41" count="4" type="stmt"/>
        <line num="42" count="4" type="stmt"/>
        <line num="44" count="4" type="cond" truecount="1" falsecount="1"/>
        <line num="45" count="0" type="stmt"/>
        <line num="46" count="0" type="stmt"/>
        <line num="47" count="0" type="stmt"/>
        <line num="50" count="4" type="stmt"/>
        <line num="51" count="4" type="stmt"/>
      </file>
      <file name="config.js" path="C:\Users\XriyalVixen\OneDrive\Documents\Code\Projects\ProjectCadence\weeks\W05_20250901_rest-api\src\config.js">
        <metrics statements="1" coveredstatements="1" conditionals="6" coveredconditionals="4" methods="0" coveredmethods="0"/>
        <line num="1" count="4" type="stmt"/>
      </file>
      <file name="server.js" path="C:\Users\XriyalVixen\OneDrive\Documents\Code\Projects\ProjectCadence\weeks\W05_20250901_rest-api\src\server.js">
        <metrics statements="3" coveredstatements="0" conditionals="0" coveredconditionals="0" methods="1" coveredmethods="0"/>
        <line num="6" count="0" type="stmt"/>
        <line num="7" count="0" type="stmt"/>
        <line num="8" count="0" type="stmt"/>
      </file>
    </package>
    <package name="src.controllers">
      <metrics statements="53" coveredstatements="15" conditionals="30" coveredconditionals="5" methods="17" coveredmethods="6"/>
      <file name="articles.controller.js" path="C:\Users\XriyalVixen\OneDrive\Documents\Code\Projects\ProjectCadence\weeks\W05_20250901_rest-api\src\controllers\articles.controller.js">
        <metrics statements="19" coveredstatements="12" conditionals="10" coveredconditionals="5" methods="6" coveredmethods="4"/>
        <line num="6" count="2" type="stmt"/>
        <line num="7" count="2" type="cond" truecount="2" falsecount="0"/>
        <line num="8" count="5" type="stmt"/>
        <line num="10" count="2" type="stmt"/>
        <line num="11" count="2" type="stmt"/>
        <line num="12" count="2" type="stmt"/>
        <line num="16" count="7" type="stmt"/>
        <line num="17" count="7" type="cond" truecount="2" falsecount="0"/>
        <line num="18" count="6" type="stmt"/>
        <line num="19" count="6" type="stmt"/>
        <line num="22" count="1" type="stmt"/>
        <line num="23" count="1" type="cond" truecount="1" falsecount="1"/>
        <line num="24" count="0" type="stmt"/>
        <line num="27" count="0" type="stmt"/>
        <line num="28" count="0" type="cond" truecount="0" falsecount="2"/>
        <line num="29" count="0" type="stmt"/>
        <line num="32" count="0" type="stmt"/>
        <line num="33" count="0" type="cond" truecount="0" falsecount="2"/>
        <line num="34" count="0" type="stmt"/>
      </file>
      <file name="comments.controller.js" path="C:\Users\XriyalVixen\OneDrive\Documents\Code\Projects\ProjectCadence\weeks\W05_20250901_rest-api\src\controllers\comments.controller.js">
        <metrics statements="22" coveredstatements="0" conditionals="14" coveredconditionals="0" methods="6" coveredmethods="0"/>
        <line num="6" count="0" type="stmt"/>
        <line num="7" count="0" type="cond" truecount="0" falsecount="2"/>
        <line num="8" count="0" type="stmt"/>
        <line num="10" count="0" type="stmt"/>
        <line num="11" count="0" type="stmt"/>
        <line num="12" count="0" type="stmt"/>
        <line num="15" count="0" type="stmt"/>
        <line num="16" count="0" type="stmt"/>
        <line num="17" count="0" type="cond" truecount="0" falsecount="2"/>
        <line num="18" count="0" type="cond" truecount="0" falsecount="4"/>
        <line num="19" count="0" type="stmt"/>
        <line num="21" count="0" type="stmt"/>
        <line num="22" count="0" type="stmt"/>
        <line num="25" count="0" type="stmt"/>
        <line num="26" count="0" type="cond" truecount="0" falsecount="2"/>
        <line num="27" count="0" type="stmt"/>
        <line num="30" count="0" type="stmt"/>
        <line num="31" count="0" type="cond" truecount="0" falsecount="2"/>
        <line num="32" count="0" type="stmt"/>
        <line num="35" count="0" type="stmt"/>
        <line num="36" count="0" type="cond" truecount="0" falsecount="2"/>
        <line num="37" count="0" type="stmt"/>
      </file>
      <file name="users.controller.js" path="C:\Users\XriyalVixen\OneDrive\Documents\Code\Projects\ProjectCadence\weeks\W05_20250901_rest-api\src\controllers\users.controller.js">
        <metrics statements="12" coveredstatements="3" conditionals="6" coveredconditionals="0" methods="5" coveredmethods="2"/>
        <line num="5" count="1" type="stmt"/>
        <line num="9" count="3" type="stmt"/>
        <line num="10" count="3" type="stmt"/>
        <line num="14" count="0" type="stmt"/>
        <line num="15" count="0" type="cond" truecount="0" falsecount="2"/>
        <line num="16" count="0" type="stmt"/>
        <line num="20" count="0" type="stmt"/>
        <line num="21" count="0" type="cond" truecount="0" falsecount="2"/>
        <line num="22" count="0" type="stmt"/>
        <line num="26" count="0" type="stmt"/>
        <line num="27" count="0" type="cond" truecount="0" falsecount="2"/>
        <line num="28" count="0" type="stmt"/>
      </file>
    </package>
    <package name="src.middleware">
      <metrics statements="28" coveredstatements="20" conditionals="23" coveredconditionals="9" methods="10" coveredmethods="8"/>
      <file name="apiKey.js" path="C:\Users\XriyalVixen\OneDrive\Documents\Code\Projects\ProjectCadence\weeks\W05_20250901_rest-api\src\middleware\apiKey.js">
        <metrics statements="6" coveredstatements="3" conditionals="8" coveredconditionals="3" methods="2" coveredmethods="2"/>
        <line num="5" count="12" type="stmt"/>
        <line num="6" count="12" type="stmt"/>
        <line num="8" count="7" type="cond" truecount="3" falsecount="1"/>
        <line num="10" count="0" type="cond" truecount="0" falsecount="2"/>
        <line num="11" count="0" type="cond" truecount="0" falsecount="2"/>
        <line num="12" count="0" type="stmt"/>
      </file>
      <file name="errorHandler.js" path="C:\Users\XriyalVixen\OneDrive\Documents\Code\Projects\ProjectCadence\weeks\W05_20250901_rest-api\src\middleware\errorHandler.js">
        <metrics statements="8" coveredstatements="4" conditionals="10" coveredconditionals="4" methods="2" coveredmethods="1"/>
        <line num="3" count="4" type="stmt"/>
        <line num="4" count="2" type="cond" truecount="3" falsecount="1"/>
        <line num="5" count="0" type="stmt"/>
        <line num="8" count="0" type="stmt"/>
        <line num="11" count="2" type="cond" truecount="1" falsecount="1"/>
        <line num="12" count="2" type="stmt"/>
        <line num="14" count="0" type="cond" truecount="0" falsecount="2"/>
        <line num="15" count="0" type="cond" truecount="0" falsecount="2"/>
      </file>
      <file name="notFound.js" path="C:\Users\XriyalVixen\OneDrive\Documents\Code\Projects\ProjectCadence\weeks\W05_20250901_rest-api\src\middleware\notFound.js">
        <metrics statements="2" coveredstatements="1" conditionals="0" coveredconditionals="0" methods="1" coveredmethods="0"/>
        <line num="1" count="4" type="stmt"/>
        <line num="2" count="0" type="stmt"/>
      </file>
      <file name="requestId.js" path="C:\Users\XriyalVixen\OneDrive\Documents\Code\Projects\ProjectCadence\weeks\W05_20250901_rest-api\src\middleware\requestId.js">
        <metrics statements="2" coveredstatements="2" conditionals="0" coveredconditionals="0" methods="1" coveredmethods="1"/>
        <line num="3" count="15" type="stmt"/>
        <line num="4" count="15" type="stmt"/>
      </file>
      <file name="validate.js" path="C:\Users\XriyalVixen\OneDrive\Documents\Code\Projects\ProjectCadence\weeks\W05_20250901_rest-api\src\middleware\validate.js">
        <metrics statements="5" coveredstatements="5" conditionals="2" coveredconditionals="1" methods="2" coveredmethods="2"/>
        <line num="1" count="24" type="stmt"/>
        <line num="2" count="10" type="stmt"/>
        <line num="5" count="10" type="cond" truecount="1" falsecount="1"/>
        <line num="6" count="10" type="stmt"/>
        <line num="7" count="10" type="stmt"/>
      </file>
      <file name="validateParam.js" path="C:\Users\XriyalVixen\OneDrive\Documents\Code\Projects\ProjectCadence\weeks\W05_20250901_rest-api\src\middleware\validateParam.js">
        <metrics statements="5" coveredstatements="5" conditionals="3" coveredconditionals="1" methods="2" coveredmethods="2"/>
        <line num="1" count="4" type="stmt"/>
        <line num="2" count="12" type="cond" truecount="0" falsecount="1"/>
        <line num="3" count="1" type="stmt"/>
        <line num="4" count="1" type="cond" truecount="1" falsecount="1"/>
        <line num="5" count="1" type="stmt"/>
      </file>
    </package>
    <package name="src.models">
      <metrics statements="19" coveredstatements="13" conditionals="4" coveredconditionals="2" methods="8" coveredmethods="6"/>
      <file name="db.js" path="C:\Users\XriyalVixen\OneDrive\Documents\Code\Projects\ProjectCadence\weeks\W05_20250901_rest-api\src\models\db.js">
        <metrics statements="19" coveredstatements="13" conditionals="4" coveredconditionals="2" methods="8" coveredmethods="6"/>
        <line num="4" count="12" type="stmt"/>
        <line num="5" count="12" type="stmt"/>
        <line num="6" count="3" type="stmt"/>
        <line num="7" count="8" type="cond" truecount="2" falsecount="0"/>
        <line num="9" count="9" type="stmt"/>
        <line num="10" count="9" type="stmt"/>
        <line num="11" count="9" type="stmt"/>
        <line num="12" count="9" type="stmt"/>
        <line num="15" count="0" type="stmt"/>
        <line num="16" count="0" type="cond" truecount="0" falsecount="2"/>
        <line num="17" count="0" type="stmt"/>
        <line num="18" count="0" type="stmt"/>
        <line num="19" count="0" type="stmt"/>
        <line num="21" count="0" type="stmt"/>
        <line num="22" count="18" type="stmt"/>
        <line num="26" count="4" type="stmt"/>
        <line num="31" count="6" type="stmt"/>
        <line num="32" count="6" type="stmt"/>
        <line num="33" count="6" type="stmt"/>
      </file>
    </package>
    <package name="src.routes">
      <metrics statements="19" coveredstatements="19" conditionals="0" coveredconditionals="0" methods="0" coveredmethods="0"/>
      <file name="articles.routes.js" path="C:\Users\XriyalVixen\OneDrive\Documents\Code\Projects\ProjectCadence\weeks\W05_20250901_rest-api\src\routes\articles.routes.js">
        <metrics statements="6" coveredstatements="6" conditionals="0" coveredconditionals="0" methods="0" coveredmethods="0"/>
        <line num="8" count="4" type="stmt"/>
        <line num="9" count="4" type="stmt"/>
        <line num="10" count="4" type="stmt"/>
        <line num="11" count="4" type="stmt"/>
        <line num="12" count="4" type="stmt"/>
        <line num="13" count="4" type="stmt"/>
      </file>
      <file name="comments.routes.js" path="C:\Users\XriyalVixen\OneDrive\Documents\Code\Projects\ProjectCadence\weeks\W05_20250901_rest-api\src\routes\comments.routes.js">
        <metrics statements="6" coveredstatements="6" conditionals="0" coveredconditionals="0" methods="0" coveredmethods="0"/>
        <line num="7" count="4" type="stmt"/>
        <line num="8" count="4" type="stmt"/>
        <line num="9" count="4" type="stmt"/>
        <line num="10" count="4" type="stmt"/>
        <line num="11" count="4" type="stmt"/>
        <line num="12" count="4" type="stmt"/>
      </file>
      <file name="users.routes.js" path="C:\Users\XriyalVixen\OneDrive\Documents\Code\Projects\ProjectCadence\weeks\W05_20250901_rest-api\src\routes\users.routes.js">
        <metrics statements="7" coveredstatements="7" conditionals="0" coveredconditionals="0" methods="0" coveredmethods="0"/>
        <line num="7" count="4" type="stmt"/>
        <line num="9" count="4" type="stmt"/>
        <line num="10" count="4" type="stmt"/>
        <line num="11" count="4" type="stmt"/>
        <line num="12" count="4" type="stmt"/>
        <line num="13" count="4" type="stmt"/>
        <line num="14" count="4" type="stmt"/>
      </file>
    </package>
    <package name="src.schemas">
      <metrics statements="6" coveredstatements="6" conditionals="0" coveredconditionals="0" methods="0" coveredmethods="0"/>
      <file name="articles.schema.js" path="C:\Users\XriyalVixen\OneDrive\Documents\Code\Projects\ProjectCadence\weeks\W05_20250901_rest-api\src\schemas\articles.schema.js">
        <metrics statements="2" coveredstatements="2" conditionals="0" coveredconditionals="0" methods="0" coveredmethods="0"/>
        <line num="3" count="4" type="stmt"/>
        <line num="9" count="4" type="stmt"/>
      </file>
      <file name="comments.schema.js" path="C:\Users\XriyalVixen\OneDrive\Documents\Code\Projects\ProjectCadence\weeks\W05_20250901_rest-api\src\schemas\comments.schema.js">
        <metrics statements="2" coveredstatements="2" conditionals="0" coveredconditionals="0" methods="0" coveredmethods="0"/>
        <line num="3" count="4" type="stmt"/>
        <line num="9" count="4" type="stmt"/>
      </file>
      <file name="users.schema.js" path="C:\Users\XriyalVixen\OneDrive\Documents\Code\Projects\ProjectCadence\weeks\W05_20250901_rest-api\src\schemas\users.schema.js">
        <metrics statements="2" coveredstatements="2" conditionals="0" coveredconditionals="0" methods="0" coveredmethods="0"/>
        <line num="3" count="4" type="stmt"/>
        <line num="8" count="4" type="stmt"/>
      </file>
    </package>
    <package name="src.utils">
      <metrics statements="17" coveredstatements="17" conditionals="18" coveredconditionals="13" methods="6" coveredmethods="6"/>
      <file name="http.js" path="C:\Users\XriyalVixen\OneDrive\Documents\Code\Projects\ProjectCadence\weeks\W05_20250901_rest-api\src\utils\http.js">
        <metrics statements="6" coveredstatements="6" conditionals="4" coveredconditionals="3" methods="3" coveredmethods="3"/>
        <line num="4" count="2" type="stmt"/>
        <line num="5" count="2" type="stmt"/>
        <line num="8" count="4" type="stmt"/>
        <line num="9" count="3" type="cond" truecount="2" falsecount="0"/>
        <line num="11" count="4" type="stmt"/>
        <line num="12" count="9" type="cond" truecount="1" falsecount="1"/>
      </file>
      <file name="query.js" path="C:\Users\XriyalVixen\OneDrive\Documents\Code\Projects\ProjectCadence\weeks\W05_20250901_rest-api\src\utils\query.js">
        <metrics statements="11" coveredstatements="11" conditionals="14" coveredconditionals="10" methods="3" coveredmethods="3"/>
        <line num="2" count="2" type="cond" truecount="2" falsecount="0"/>
        <line num="3" count="2" type="cond" truecount="2" falsecount="0"/>
        <line num="4" count="2" type="cond" truecount="2" falsecount="0"/>
        <line num="5" count="2" type="cond" truecount="1" falsecount="1"/>
        <line num="9" count="2" type="stmt"/>
        <line num="10" count="4" type="stmt"/>
        <line num="11" count="4" type="cond" truecount="1" falsecount="1"/>
        <line num="12" count="4" type="cond" truecount="2" falsecount="2"/>
        <line num="14" count="2" type="stmt"/>
        <line num="15" count="2" type="stmt"/>
        <line num="16" count="2" type="stmt"/>
      </file>
    </package>
  </project>
</coverage>
