{"C:\\Users\\XriyalVixen\\OneDrive\\Documents\\Code\\Projects\\ProjectCadence\\weeks\\W05_20250901_rest-api\\src\\app.js": {"path":"C:\\Users\\XriyalVixen\\OneDrive\\Documents\\Code\\Projects\\ProjectCadence\\weeks\\W05_20250901_rest-api\\src\\app.js","statementMap":{"0":{"start":{"line":15,"column":12},"end":{"line":15,"column":21}},"1":{"start":{"line":17,"column":0},"end":{"line":17,"column":18}},"2":{"start":{"line":18,"column":0},"end":{"line":18,"column":50}},"3":{"start":{"line":19,"column":0},"end":{"line":19,"column":48}},"4":{"start":{"line":20,"column":0},"end":{"line":20,"column":24}},"5":{"start":{"line":21,"column":0},"end":{"line":21,"column":23}},"6":{"start":{"line":23,"column":0},"end":{"line":23,"column":37}},"7":{"start":{"line":23,"column":29},"end":{"line":23,"column":35}},"8":{"start":{"line":24,"column":0},"end":{"line":24,"column":19}},"9":{"start":{"line":25,"column":0},"end":{"line":25,"column":71}},"10":{"start":{"line":29,"column":0},"end":{"line":35,"column":3}},"11":{"start":{"line":30,"column":2},"end":{"line":34,"column":5}},"12":{"start":{"line":37,"column":0},"end":{"line":37,"column":62}},"13":{"start":{"line":37,"column":39},"end":{"line":37,"column":60}},"14":{"start":{"line":39,"column":0},"end":{"line":39,"column":58}},"15":{"start":{"line":39,"column":34},"end":{"line":39,"column":56}},"16":{"start":{"line":41,"column":0},"end":{"line":41,"column":31}},"17":{"start":{"line":43,"column":0},"end":{"line":43,"column":57}},"18":{"start":{"line":45,"column":0},"end":{"line":45,"column":37}},"19":{"start":{"line":47,"column":0},"end":{"line":47,"column":37}},"20":{"start":{"line":49,"column":0},"end":{"line":49,"column":18}},"21":{"start":{"line":50,"column":0},"end":{"line":50,"column":22}}},"fnMap":{"0":{"name":"(anonymous_0)","decl":{"start":{"line":23,"column":20},"end":{"line":23,"column":21}},"loc":{"start":{"line":23,"column":29},"end":{"line":23,"column":35}},"line":23},"1":{"name":"(anonymous_1)","decl":{"start":{"line":29,"column":13},"end":{"line":29,"column":14}},"loc":{"start":{"line":29,"column":28},"end":{"line":35,"column":1}},"line":29},"2":{"name":"(anonymous_2)","decl":{"start":{"line":37,"column":24},"end":{"line":37,"column":25}},"loc":{"start":{"line":37,"column":39},"end":{"line":37,"column":60}},"line":37},"3":{"name":"(anonymous_3)","decl":{"start":{"line":39,"column":19},"end":{"line":39,"column":20}},"loc":{"start":{"line":39,"column":34},"end":{"line":39,"column":56}},"line":39}},"branchMap":{},"s":{"0":0,"1":0,"2":0,"3":0,"4":0,"5":0,"6":0,"7":0,"8":0,"9":0,"10":0,"11":0,"12":0,"13":0,"14":0,"15":0,"16":0,"17":0,"18":0,"19":0,"20":0,"21":0},"f":{"0":0,"1":0,"2":0,"3":0},"b":{}}
,"C:\\Users\\XriyalVixen\\OneDrive\\Documents\\Code\\Projects\\ProjectCadence\\weeks\\W05_20250901_rest-api\\src\\server.js": {"path":"C:\\Users\\XriyalVixen\\OneDrive\\Documents\\Code\\Projects\\ProjectCadence\\weeks\\W05_20250901_rest-api\\src\\server.js","statementMap":{"0":{"start":{"line":5,"column":13},"end":{"line":5,"column":37}},"1":{"start":{"line":6,"column":0},"end":{"line":8,"column":3}},"2":{"start":{"line":7,"column":2},"end":{"line":7,"column":72}}},"fnMap":{"0":{"name":"(anonymous_0)","decl":{"start":{"line":6,"column":36},"end":{"line":6,"column":37}},"loc":{"start":{"line":6,"column":42},"end":{"line":8,"column":1}},"line":6}},"branchMap":{"0":{"loc":{"start":{"line":5,"column":13},"end":{"line":5,"column":37}},"type":"binary-expr","locations":[{"start":{"line":5,"column":13},"end":{"line":5,"column":29}},{"start":{"line":5,"column":33},"end":{"line":5,"column":37}}],"line":5}},"s":{"0":0,"1":0,"2":0},"f":{"0":0},"b":{"0":[0,0]}}
,"C:\\Users\\XriyalVixen\\OneDrive\\Documents\\Code\\Projects\\ProjectCadence\\weeks\\W05_20250901_rest-api\\src\\controllers\\articles.controller.js": {"path":"C:\\Users\\XriyalVixen\\OneDrive\\Documents\\Code\\Projects\\ProjectCadence\\weeks\\W05_20250901_rest-api\\src\\controllers\\articles.controller.js","statementMap":{"0":{"start":{"line":5,"column":14},"end":{"line":5,"column":31}},"1":{"start":{"line":6,"column":32},"end":{"line":6,"column":53}},"2":{"start":{"line":7,"column":26},"end":{"line":7,"column":68}},"3":{"start":{"line":8,"column":2},"end":{"line":8,"column":34}},"4":{"start":{"line":13,"column":17},"end":{"line":13,"column":53}},"5":{"start":{"line":14,"column":2},"end":{"line":14,"column":74}},"6":{"start":{"line":14,"column":15},"end":{"line":14,"column":74}},"7":{"start":{"line":16,"column":14},"end":{"line":16,"column":47}},"8":{"start":{"line":17,"column":2},"end":{"line":17,"column":38}},"9":{"start":{"line":20,"column":14},"end":{"line":20,"column":44}},"10":{"start":{"line":21,"column":2},"end":{"line":21,"column":72}},"11":{"start":{"line":21,"column":12},"end":{"line":21,"column":72}},"12":{"start":{"line":22,"column":2},"end":{"line":22,"column":26}},"13":{"start":{"line":25,"column":14},"end":{"line":25,"column":62}},"14":{"start":{"line":26,"column":2},"end":{"line":26,"column":72}},"15":{"start":{"line":26,"column":12},"end":{"line":26,"column":72}},"16":{"start":{"line":27,"column":2},"end":{"line":27,"column":26}},"17":{"start":{"line":30,"column":13},"end":{"line":30,"column":46}},"18":{"start":{"line":31,"column":2},"end":{"line":31,"column":71}},"19":{"start":{"line":31,"column":11},"end":{"line":31,"column":71}},"20":{"start":{"line":32,"column":2},"end":{"line":32,"column":25}}},"fnMap":{"0":{"name":"listArticles","decl":{"start":{"line":4,"column":22},"end":{"line":4,"column":34}},"loc":{"start":{"line":4,"column":45},"end":{"line":9,"column":1}},"line":4},"1":{"name":"createArticle","decl":{"start":{"line":11,"column":22},"end":{"line":11,"column":35}},"loc":{"start":{"line":11,"column":46},"end":{"line":18,"column":1}},"line":11},"2":{"name":"getArticle","decl":{"start":{"line":19,"column":22},"end":{"line":19,"column":32}},"loc":{"start":{"line":19,"column":43},"end":{"line":23,"column":1}},"line":19},"3":{"name":"updateArticle","decl":{"start":{"line":24,"column":22},"end":{"line":24,"column":35}},"loc":{"start":{"line":24,"column":46},"end":{"line":28,"column":1}},"line":24},"4":{"name":"removeArticle","decl":{"start":{"line":29,"column":22},"end":{"line":29,"column":35}},"loc":{"start":{"line":29,"column":46},"end":{"line":33,"column":1}},"line":29}},"branchMap":{"0":{"loc":{"start":{"line":14,"column":2},"end":{"line":14,"column":74}},"type":"if","locations":[{"start":{"line":14,"column":2},"end":{"line":14,"column":74}},{"start":{},"end":{}}],"line":14},"1":{"loc":{"start":{"line":21,"column":2},"end":{"line":21,"column":72}},"type":"if","locations":[{"start":{"line":21,"column":2},"end":{"line":21,"column":72}},{"start":{},"end":{}}],"line":21},"2":{"loc":{"start":{"line":26,"column":2},"end":{"line":26,"column":72}},"type":"if","locations":[{"start":{"line":26,"column":2},"end":{"line":26,"column":72}},{"start":{},"end":{}}],"line":26},"3":{"loc":{"start":{"line":31,"column":2},"end":{"line":31,"column":71}},"type":"if","locations":[{"start":{"line":31,"column":2},"end":{"line":31,"column":71}},{"start":{},"end":{}}],"line":31}},"s":{"0":0,"1":0,"2":0,"3":0,"4":0,"5":0,"6":0,"7":0,"8":0,"9":0,"10":0,"11":0,"12":0,"13":0,"14":0,"15":0,"16":0,"17":0,"18":0,"19":0,"20":0},"f":{"0":0,"1":0,"2":0,"3":0,"4":0},"b":{"0":[0,0],"1":[0,0],"2":[0,0],"3":[0,0]}}
,"C:\\Users\\XriyalVixen\\OneDrive\\Documents\\Code\\Projects\\ProjectCadence\\weeks\\W05_20250901_rest-api\\src\\controllers\\comments.controller.js": {"path":"C:\\Users\\XriyalVixen\\OneDrive\\Documents\\Code\\Projects\\ProjectCadence\\weeks\\W05_20250901_rest-api\\src\\controllers\\comments.controller.js","statementMap":{"0":{"start":{"line":4,"column":2},"end":{"line":4,"column":40}},"1":{"start":{"line":7,"column":34},"end":{"line":7,"column":47}},"2":{"start":{"line":8,"column":18},"end":{"line":8,"column":44}},"3":{"start":{"line":9,"column":2},"end":{"line":9,"column":76}},"4":{"start":{"line":9,"column":16},"end":{"line":9,"column":76}},"5":{"start":{"line":10,"column":2},"end":{"line":12,"column":3}},"6":{"start":{"line":11,"column":4},"end":{"line":11,"column":63}},"7":{"start":{"line":13,"column":14},"end":{"line":13,"column":47}},"8":{"start":{"line":14,"column":2},"end":{"line":14,"column":38}},"9":{"start":{"line":17,"column":14},"end":{"line":17,"column":44}},"10":{"start":{"line":18,"column":2},"end":{"line":18,"column":72}},"11":{"start":{"line":18,"column":12},"end":{"line":18,"column":72}},"12":{"start":{"line":19,"column":2},"end":{"line":19,"column":26}},"13":{"start":{"line":22,"column":14},"end":{"line":22,"column":62}},"14":{"start":{"line":23,"column":2},"end":{"line":23,"column":72}},"15":{"start":{"line":23,"column":12},"end":{"line":23,"column":72}},"16":{"start":{"line":24,"column":2},"end":{"line":24,"column":26}},"17":{"start":{"line":27,"column":13},"end":{"line":27,"column":46}},"18":{"start":{"line":28,"column":2},"end":{"line":28,"column":71}},"19":{"start":{"line":28,"column":11},"end":{"line":28,"column":71}},"20":{"start":{"line":29,"column":2},"end":{"line":29,"column":25}}},"fnMap":{"0":{"name":"listComments","decl":{"start":{"line":3,"column":22},"end":{"line":3,"column":34}},"loc":{"start":{"line":3,"column":46},"end":{"line":5,"column":1}},"line":3},"1":{"name":"createComment","decl":{"start":{"line":6,"column":22},"end":{"line":6,"column":35}},"loc":{"start":{"line":6,"column":46},"end":{"line":15,"column":1}},"line":6},"2":{"name":"getComment","decl":{"start":{"line":16,"column":22},"end":{"line":16,"column":32}},"loc":{"start":{"line":16,"column":43},"end":{"line":20,"column":1}},"line":16},"3":{"name":"updateComment","decl":{"start":{"line":21,"column":22},"end":{"line":21,"column":35}},"loc":{"start":{"line":21,"column":46},"end":{"line":25,"column":1}},"line":21},"4":{"name":"removeComment","decl":{"start":{"line":26,"column":22},"end":{"line":26,"column":35}},"loc":{"start":{"line":26,"column":46},"end":{"line":30,"column":1}},"line":26}},"branchMap":{"0":{"loc":{"start":{"line":9,"column":2},"end":{"line":9,"column":76}},"type":"if","locations":[{"start":{"line":9,"column":2},"end":{"line":9,"column":76}},{"start":{},"end":{}}],"line":9},"1":{"loc":{"start":{"line":10,"column":2},"end":{"line":12,"column":3}},"type":"if","locations":[{"start":{"line":10,"column":2},"end":{"line":12,"column":3}},{"start":{},"end":{}}],"line":10},"2":{"loc":{"start":{"line":10,"column":6},"end":{"line":10,"column":41}},"type":"binary-expr","locations":[{"start":{"line":10,"column":6},"end":{"line":10,"column":14}},{"start":{"line":10,"column":18},"end":{"line":10,"column":41}}],"line":10},"3":{"loc":{"start":{"line":18,"column":2},"end":{"line":18,"column":72}},"type":"if","locations":[{"start":{"line":18,"column":2},"end":{"line":18,"column":72}},{"start":{},"end":{}}],"line":18},"4":{"loc":{"start":{"line":23,"column":2},"end":{"line":23,"column":72}},"type":"if","locations":[{"start":{"line":23,"column":2},"end":{"line":23,"column":72}},{"start":{},"end":{}}],"line":23},"5":{"loc":{"start":{"line":28,"column":2},"end":{"line":28,"column":71}},"type":"if","locations":[{"start":{"line":28,"column":2},"end":{"line":28,"column":71}},{"start":{},"end":{}}],"line":28}},"s":{"0":0,"1":0,"2":0,"3":0,"4":0,"5":0,"6":0,"7":0,"8":0,"9":0,"10":0,"11":0,"12":0,"13":0,"14":0,"15":0,"16":0,"17":0,"18":0,"19":0,"20":0},"f":{"0":0,"1":0,"2":0,"3":0,"4":0},"b":{"0":[0,0],"1":[0,0],"2":[0,0],"3":[0,0],"4":[0,0],"5":[0,0]}}
,"C:\\Users\\XriyalVixen\\OneDrive\\Documents\\Code\\Projects\\ProjectCadence\\weeks\\W05_20250901_rest-api\\src\\controllers\\users.controller.js": {"path":"C:\\Users\\XriyalVixen\\OneDrive\\Documents\\Code\\Projects\\ProjectCadence\\weeks\\W05_20250901_rest-api\\src\\controllers\\users.controller.js","statementMap":{"0":{"start":{"line":5,"column":2},"end":{"line":5,"column":33}},"1":{"start":{"line":9,"column":15},"end":{"line":9,"column":45}},"2":{"start":{"line":10,"column":2},"end":{"line":10,"column":28}},"3":{"start":{"line":14,"column":15},"end":{"line":14,"column":42}},"4":{"start":{"line":15,"column":2},"end":{"line":15,"column":56}},"5":{"start":{"line":15,"column":13},"end":{"line":15,"column":56}},"6":{"start":{"line":16,"column":2},"end":{"line":16,"column":23}},"7":{"start":{"line":20,"column":18},"end":{"line":20,"column":63}},"8":{"start":{"line":21,"column":2},"end":{"line":21,"column":59}},"9":{"start":{"line":21,"column":16},"end":{"line":21,"column":59}},"10":{"start":{"line":22,"column":2},"end":{"line":22,"column":26}},"11":{"start":{"line":26,"column":19},"end":{"line":26,"column":49}},"12":{"start":{"line":27,"column":2},"end":{"line":27,"column":60}},"13":{"start":{"line":27,"column":17},"end":{"line":27,"column":60}},"14":{"start":{"line":28,"column":2},"end":{"line":28,"column":32}}},"fnMap":{"0":{"name":"listUsers","decl":{"start":{"line":4,"column":22},"end":{"line":4,"column":31}},"loc":{"start":{"line":4,"column":43},"end":{"line":6,"column":1}},"line":4},"1":{"name":"createUser","decl":{"start":{"line":8,"column":22},"end":{"line":8,"column":32}},"loc":{"start":{"line":8,"column":43},"end":{"line":11,"column":1}},"line":8},"2":{"name":"getUser","decl":{"start":{"line":13,"column":22},"end":{"line":13,"column":29}},"loc":{"start":{"line":13,"column":40},"end":{"line":17,"column":1}},"line":13},"3":{"name":"updateUser","decl":{"start":{"line":19,"column":22},"end":{"line":19,"column":32}},"loc":{"start":{"line":19,"column":43},"end":{"line":23,"column":1}},"line":19},"4":{"name":"removeUser","decl":{"start":{"line":25,"column":22},"end":{"line":25,"column":32}},"loc":{"start":{"line":25,"column":43},"end":{"line":29,"column":1}},"line":25}},"branchMap":{"0":{"loc":{"start":{"line":15,"column":2},"end":{"line":15,"column":56}},"type":"if","locations":[{"start":{"line":15,"column":2},"end":{"line":15,"column":56}},{"start":{},"end":{}}],"line":15},"1":{"loc":{"start":{"line":21,"column":2},"end":{"line":21,"column":59}},"type":"if","locations":[{"start":{"line":21,"column":2},"end":{"line":21,"column":59}},{"start":{},"end":{}}],"line":21},"2":{"loc":{"start":{"line":27,"column":2},"end":{"line":27,"column":60}},"type":"if","locations":[{"start":{"line":27,"column":2},"end":{"line":27,"column":60}},{"start":{},"end":{}}],"line":27}},"s":{"0":0,"1":0,"2":0,"3":0,"4":0,"5":0,"6":0,"7":0,"8":0,"9":0,"10":0,"11":0,"12":0,"13":0,"14":0},"f":{"0":0,"1":0,"2":0,"3":0,"4":0},"b":{"0":[0,0],"1":[0,0],"2":[0,0]}}
,"C:\\Users\\XriyalVixen\\OneDrive\\Documents\\Code\\Projects\\ProjectCadence\\weeks\\W05_20250901_rest-api\\src\\middleware\\apiKey.js": {"path":"C:\\Users\\XriyalVixen\\OneDrive\\Documents\\Code\\Projects\\ProjectCadence\\weeks\\W05_20250901_rest-api\\src\\middleware\\apiKey.js","statementMap":{"0":{"start":{"line":2,"column":16},"end":{"line":2,"column":41}},"1":{"start":{"line":3,"column":4},"end":{"line":8,"column":6}},"2":{"start":{"line":4,"column":23},"end":{"line":4,"column":52}},"3":{"start":{"line":5,"column":6},"end":{"line":5,"column":43}},"4":{"start":{"line":5,"column":29},"end":{"line":5,"column":43}},"5":{"start":{"line":6,"column":6},"end":{"line":6,"column":49}},"6":{"start":{"line":6,"column":35},"end":{"line":6,"column":49}},"7":{"start":{"line":7,"column":6},"end":{"line":7,"column":61}}},"fnMap":{"0":{"name":"apiKey","decl":{"start":{"line":1,"column":16},"end":{"line":1,"column":22}},"loc":{"start":{"line":1,"column":40},"end":{"line":9,"column":3}},"line":1},"1":{"name":"(anonymous_1)","decl":{"start":{"line":3,"column":11},"end":{"line":3,"column":12}},"loc":{"start":{"line":3,"column":31},"end":{"line":8,"column":5}},"line":3}},"branchMap":{"0":{"loc":{"start":{"line":1,"column":23},"end":{"line":1,"column":38}},"type":"default-arg","locations":[{"start":{"line":1,"column":34},"end":{"line":1,"column":38}}],"line":1},"1":{"loc":{"start":{"line":2,"column":16},"end":{"line":2,"column":41}},"type":"binary-expr","locations":[{"start":{"line":2,"column":16},"end":{"line":2,"column":35}},{"start":{"line":2,"column":39},"end":{"line":2,"column":41}}],"line":2},"2":{"loc":{"start":{"line":4,"column":23},"end":{"line":4,"column":52}},"type":"binary-expr","locations":[{"start":{"line":4,"column":23},"end":{"line":4,"column":46}},{"start":{"line":4,"column":50},"end":{"line":4,"column":52}}],"line":4},"3":{"loc":{"start":{"line":5,"column":6},"end":{"line":5,"column":43}},"type":"if","locations":[{"start":{"line":5,"column":6},"end":{"line":5,"column":43}},{"start":{},"end":{}}],"line":5},"4":{"loc":{"start":{"line":5,"column":10},"end":{"line":5,"column":27}},"type":"binary-expr","locations":[{"start":{"line":5,"column":10},"end":{"line":5,"column":19}},{"start":{"line":5,"column":23},"end":{"line":5,"column":27}}],"line":5},"5":{"loc":{"start":{"line":6,"column":6},"end":{"line":6,"column":49}},"type":"if","locations":[{"start":{"line":6,"column":6},"end":{"line":6,"column":49}},{"start":{},"end":{}}],"line":6},"6":{"loc":{"start":{"line":6,"column":10},"end":{"line":6,"column":33}},"type":"binary-expr","locations":[{"start":{"line":6,"column":10},"end":{"line":6,"column":13}},{"start":{"line":6,"column":17},"end":{"line":6,"column":33}}],"line":6}},"s":{"0":0,"1":0,"2":0,"3":0,"4":0,"5":0,"6":0,"7":0},"f":{"0":0,"1":0},"b":{"0":[0],"1":[0,0],"2":[0,0],"3":[0,0],"4":[0,0],"5":[0,0],"6":[0,0]}}
,"C:\\Users\\XriyalVixen\\OneDrive\\Documents\\Code\\Projects\\ProjectCadence\\weeks\\W05_20250901_rest-api\\src\\middleware\\errorHandler.js": {"path":"C:\\Users\\XriyalVixen\\OneDrive\\Documents\\Code\\Projects\\ProjectCadence\\weeks\\W05_20250901_rest-api\\src\\middleware\\errorHandler.js","statementMap":{"0":{"start":{"line":3,"column":28},"end":{"line":16,"column":1}},"1":{"start":{"line":4,"column":2},"end":{"line":10,"column":3}},"2":{"start":{"line":5,"column":4},"end":{"line":9,"column":7}},"3":{"start":{"line":8,"column":37},"end":{"line":8,"column":73}},"4":{"start":{"line":11,"column":2},"end":{"line":13,"column":3}},"5":{"start":{"line":12,"column":4},"end":{"line":12,"column":76}},"6":{"start":{"line":14,"column":17},"end":{"line":14,"column":34}},"7":{"start":{"line":15,"column":2},"end":{"line":15,"column":90}}},"fnMap":{"0":{"name":"(anonymous_0)","decl":{"start":{"line":3,"column":28},"end":{"line":3,"column":29}},"loc":{"start":{"line":3,"column":54},"end":{"line":16,"column":1}},"line":3},"1":{"name":"(anonymous_1)","decl":{"start":{"line":8,"column":31},"end":{"line":8,"column":32}},"loc":{"start":{"line":8,"column":37},"end":{"line":8,"column":73}},"line":8}},"branchMap":{"0":{"loc":{"start":{"line":4,"column":2},"end":{"line":10,"column":3}},"type":"if","locations":[{"start":{"line":4,"column":2},"end":{"line":10,"column":3}},{"start":{},"end":{}}],"line":4},"1":{"loc":{"start":{"line":4,"column":6},"end":{"line":4,"column":22}},"type":"binary-expr","locations":[{"start":{"line":4,"column":6},"end":{"line":4,"column":9}},{"start":{"line":4,"column":13},"end":{"line":4,"column":22}}],"line":4},"2":{"loc":{"start":{"line":11,"column":2},"end":{"line":13,"column":3}},"type":"if","locations":[{"start":{"line":11,"column":2},"end":{"line":13,"column":3}},{"start":{},"end":{}}],"line":11},"3":{"loc":{"start":{"line":14,"column":17},"end":{"line":14,"column":34}},"type":"binary-expr","locations":[{"start":{"line":14,"column":17},"end":{"line":14,"column":27}},{"start":{"line":14,"column":31},"end":{"line":14,"column":34}}],"line":14},"4":{"loc":{"start":{"line":15,"column":35},"end":{"line":15,"column":73}},"type":"binary-expr","locations":[{"start":{"line":15,"column":35},"end":{"line":15,"column":46}},{"start":{"line":15,"column":50},"end":{"line":15,"column":73}}],"line":15}},"s":{"0":0,"1":0,"2":0,"3":0,"4":0,"5":0,"6":0,"7":0},"f":{"0":0,"1":0},"b":{"0":[0,0],"1":[0,0],"2":[0,0],"3":[0,0],"4":[0,0]}}
,"C:\\Users\\XriyalVixen\\OneDrive\\Documents\\Code\\Projects\\ProjectCadence\\weeks\\W05_20250901_rest-api\\src\\middleware\\notFound.js": {"path":"C:\\Users\\XriyalVixen\\OneDrive\\Documents\\Code\\Projects\\ProjectCadence\\weeks\\W05_20250901_rest-api\\src\\middleware\\notFound.js","statementMap":{"0":{"start":{"line":1,"column":24},"end":{"line":3,"column":3}},"1":{"start":{"line":2,"column":4},"end":{"line":2,"column":49}}},"fnMap":{"0":{"name":"(anonymous_0)","decl":{"start":{"line":1,"column":24},"end":{"line":1,"column":25}},"loc":{"start":{"line":1,"column":46},"end":{"line":3,"column":3}},"line":1}},"branchMap":{},"s":{"0":0,"1":0},"f":{"0":0},"b":{}}
,"C:\\Users\\XriyalVixen\\OneDrive\\Documents\\Code\\Projects\\ProjectCadence\\weeks\\W05_20250901_rest-api\\src\\middleware\\requestId.js": {"path":"C:\\Users\\XriyalVixen\\OneDrive\\Documents\\Code\\Projects\\ProjectCadence\\weeks\\W05_20250901_rest-api\\src\\middleware\\requestId.js","statementMap":{"0":{"start":{"line":3,"column":2},"end":{"line":3,"column":24}},"1":{"start":{"line":4,"column":2},"end":{"line":4,"column":9}}},"fnMap":{"0":{"name":"requestId","decl":{"start":{"line":2,"column":16},"end":{"line":2,"column":25}},"loc":{"start":{"line":2,"column":43},"end":{"line":5,"column":1}},"line":2}},"branchMap":{},"s":{"0":0,"1":0},"f":{"0":0},"b":{}}
,"C:\\Users\\XriyalVixen\\OneDrive\\Documents\\Code\\Projects\\ProjectCadence\\weeks\\W05_20250901_rest-api\\src\\middleware\\validate.js": {"path":"C:\\Users\\XriyalVixen\\OneDrive\\Documents\\Code\\Projects\\ProjectCadence\\weeks\\W05_20250901_rest-api\\src\\middleware\\validate.js","statementMap":{"0":{"start":{"line":1,"column":24},"end":{"line":8,"column":3}},"1":{"start":{"line":1,"column":36},"end":{"line":8,"column":3}},"2":{"start":{"line":2,"column":29},"end":{"line":4,"column":6}},"3":{"start":{"line":5,"column":4},"end":{"line":5,"column":34}},"4":{"start":{"line":5,"column":15},"end":{"line":5,"column":34}},"5":{"start":{"line":6,"column":4},"end":{"line":6,"column":26}},"6":{"start":{"line":7,"column":4},"end":{"line":7,"column":11}}},"fnMap":{"0":{"name":"(anonymous_0)","decl":{"start":{"line":1,"column":24},"end":{"line":1,"column":25}},"loc":{"start":{"line":1,"column":36},"end":{"line":8,"column":3}},"line":1},"1":{"name":"(anonymous_1)","decl":{"start":{"line":1,"column":36},"end":{"line":1,"column":37}},"loc":{"start":{"line":1,"column":57},"end":{"line":8,"column":3}},"line":1}},"branchMap":{"0":{"loc":{"start":{"line":5,"column":4},"end":{"line":5,"column":34}},"type":"if","locations":[{"start":{"line":5,"column":4},"end":{"line":5,"column":34}},{"start":{},"end":{}}],"line":5}},"s":{"0":0,"1":0,"2":0,"3":0,"4":0,"5":0,"6":0},"f":{"0":0,"1":0},"b":{"0":[0,0]}}
,"C:\\Users\\XriyalVixen\\OneDrive\\Documents\\Code\\Projects\\ProjectCadence\\weeks\\W05_20250901_rest-api\\src\\middleware\\validateParam.js": {"path":"C:\\Users\\XriyalVixen\\OneDrive\\Documents\\Code\\Projects\\ProjectCadence\\weeks\\W05_20250901_rest-api\\src\\middleware\\validateParam.js","statementMap":{"0":{"start":{"line":1,"column":16},"end":{"line":1,"column":88}},"1":{"start":{"line":2,"column":33},"end":{"line":6,"column":1}},"2":{"start":{"line":2,"column":55},"end":{"line":6,"column":1}},"3":{"start":{"line":3,"column":12},"end":{"line":3,"column":33}},"4":{"start":{"line":4,"column":2},"end":{"line":4,"column":87}},"5":{"start":{"line":4,"column":24},"end":{"line":4,"column":87}},"6":{"start":{"line":5,"column":2},"end":{"line":5,"column":9}}},"fnMap":{"0":{"name":"(anonymous_0)","decl":{"start":{"line":2,"column":33},"end":{"line":2,"column":34}},"loc":{"start":{"line":2,"column":55},"end":{"line":6,"column":1}},"line":2},"1":{"name":"(anonymous_1)","decl":{"start":{"line":2,"column":55},"end":{"line":2,"column":56}},"loc":{"start":{"line":2,"column":75},"end":{"line":6,"column":1}},"line":2}},"branchMap":{"0":{"loc":{"start":{"line":2,"column":34},"end":{"line":2,"column":50}},"type":"default-arg","locations":[{"start":{"line":2,"column":46},"end":{"line":2,"column":50}}],"line":2},"1":{"loc":{"start":{"line":4,"column":2},"end":{"line":4,"column":87}},"type":"if","locations":[{"start":{"line":4,"column":2},"end":{"line":4,"column":87}},{"start":{},"end":{}}],"line":4}},"s":{"0":0,"1":0,"2":0,"3":0,"4":0,"5":0,"6":0},"f":{"0":0,"1":0},"b":{"0":[0],"1":[0,0]}}
,"C:\\Users\\XriyalVixen\\OneDrive\\Documents\\Code\\Projects\\ProjectCadence\\weeks\\W05_20250901_rest-api\\src\\models\\db.js": {"path":"C:\\Users\\XriyalVixen\\OneDrive\\Documents\\Code\\Projects\\ProjectCadence\\weeks\\W05_20250901_rest-api\\src\\models\\db.js","statementMap":{"0":{"start":{"line":4,"column":16},"end":{"line":4,"column":25}},"1":{"start":{"line":5,"column":2},"end":{"line":22,"column":4}},"2":{"start":{"line":6,"column":15},"end":{"line":6,"column":41}},"3":{"start":{"line":7,"column":17},"end":{"line":7,"column":38}},"4":{"start":{"line":9,"column":18},"end":{"line":9,"column":42}},"5":{"start":{"line":10,"column":18},"end":{"line":10,"column":82}},"6":{"start":{"line":11,"column":6},"end":{"line":11,"column":29}},"7":{"start":{"line":12,"column":6},"end":{"line":12,"column":17}},"8":{"start":{"line":15,"column":20},"end":{"line":15,"column":33}},"9":{"start":{"line":16,"column":6},"end":{"line":16,"column":30}},"10":{"start":{"line":16,"column":18},"end":{"line":16,"column":30}},"11":{"start":{"line":17,"column":22},"end":{"line":17,"column":81}},"12":{"start":{"line":18,"column":6},"end":{"line":18,"column":29}},"13":{"start":{"line":19,"column":6},"end":{"line":19,"column":21}},"14":{"start":{"line":21,"column":20},"end":{"line":21,"column":36}},"15":{"start":{"line":25,"column":18},"end":{"line":29,"column":1}}},"fnMap":{"0":{"name":"createStore","decl":{"start":{"line":3,"column":9},"end":{"line":3,"column":20}},"loc":{"start":{"line":3,"column":23},"end":{"line":23,"column":1}},"line":3},"1":{"name":"(anonymous_1)","decl":{"start":{"line":6,"column":9},"end":{"line":6,"column":10}},"loc":{"start":{"line":6,"column":15},"end":{"line":6,"column":41}},"line":6},"2":{"name":"(anonymous_2)","decl":{"start":{"line":7,"column":9},"end":{"line":7,"column":10}},"loc":{"start":{"line":7,"column":17},"end":{"line":7,"column":38}},"line":7},"3":{"name":"(anonymous_3)","decl":{"start":{"line":8,"column":12},"end":{"line":8,"column":13}},"loc":{"start":{"line":8,"column":25},"end":{"line":13,"column":5}},"line":8},"4":{"name":"(anonymous_4)","decl":{"start":{"line":14,"column":12},"end":{"line":14,"column":13}},"loc":{"start":{"line":14,"column":27},"end":{"line":20,"column":5}},"line":14},"5":{"name":"(anonymous_5)","decl":{"start":{"line":21,"column":12},"end":{"line":21,"column":13}},"loc":{"start":{"line":21,"column":20},"end":{"line":21,"column":36}},"line":21}},"branchMap":{"0":{"loc":{"start":{"line":7,"column":17},"end":{"line":7,"column":38}},"type":"binary-expr","locations":[{"start":{"line":7,"column":17},"end":{"line":7,"column":30}},{"start":{"line":7,"column":34},"end":{"line":7,"column":38}}],"line":7},"1":{"loc":{"start":{"line":16,"column":6},"end":{"line":16,"column":30}},"type":"if","locations":[{"start":{"line":16,"column":6},"end":{"line":16,"column":30}},{"start":{},"end":{}}],"line":16}},"s":{"0":0,"1":0,"2":0,"3":0,"4":0,"5":0,"6":0,"7":0,"8":0,"9":0,"10":0,"11":0,"12":0,"13":0,"14":0,"15":0},"f":{"0":0,"1":0,"2":0,"3":0,"4":0,"5":0},"b":{"0":[0,0],"1":[0,0]}}
,"C:\\Users\\XriyalVixen\\OneDrive\\Documents\\Code\\Projects\\ProjectCadence\\weeks\\W05_20250901_rest-api\\src\\routes\\articles.routes.js": {"path":"C:\\Users\\XriyalVixen\\OneDrive\\Documents\\Code\\Projects\\ProjectCadence\\weeks\\W05_20250901_rest-api\\src\\routes\\articles.routes.js","statementMap":{"0":{"start":{"line":8,"column":15},"end":{"line":8,"column":23}},"1":{"start":{"line":9,"column":0},"end":{"line":9,"column":67}},"2":{"start":{"line":10,"column":0},"end":{"line":10,"column":30}},"3":{"start":{"line":11,"column":0},"end":{"line":11,"column":56}},"4":{"start":{"line":12,"column":0},"end":{"line":12,"column":69}},"5":{"start":{"line":13,"column":0},"end":{"line":13,"column":47}}},"fnMap":{},"branchMap":{},"s":{"0":0,"1":0,"2":0,"3":0,"4":0,"5":0},"f":{},"b":{}}
,"C:\\Users\\XriyalVixen\\OneDrive\\Documents\\Code\\Projects\\ProjectCadence\\weeks\\W05_20250901_rest-api\\src\\routes\\comments.routes.js": {"path":"C:\\Users\\XriyalVixen\\OneDrive\\Documents\\Code\\Projects\\ProjectCadence\\weeks\\W05_20250901_rest-api\\src\\routes\\comments.routes.js","statementMap":{"0":{"start":{"line":7,"column":15},"end":{"line":7,"column":23}},"1":{"start":{"line":8,"column":0},"end":{"line":8,"column":30}},"2":{"start":{"line":9,"column":0},"end":{"line":9,"column":57}},"3":{"start":{"line":10,"column":0},"end":{"line":10,"column":56}},"4":{"start":{"line":11,"column":0},"end":{"line":11,"column":59}},"5":{"start":{"line":12,"column":0},"end":{"line":12,"column":37}}},"fnMap":{},"branchMap":{},"s":{"0":0,"1":0,"2":0,"3":0,"4":0,"5":0},"f":{},"b":{}}
,"C:\\Users\\XriyalVixen\\OneDrive\\Documents\\Code\\Projects\\ProjectCadence\\weeks\\W05_20250901_rest-api\\src\\routes\\users.routes.js": {"path":"C:\\Users\\XriyalVixen\\OneDrive\\Documents\\Code\\Projects\\ProjectCadence\\weeks\\W05_20250901_rest-api\\src\\routes\\users.routes.js","statementMap":{"0":{"start":{"line":7,"column":15},"end":{"line":7,"column":23}},"1":{"start":{"line":9,"column":0},"end":{"line":9,"column":27}},"2":{"start":{"line":10,"column":0},"end":{"line":10,"column":51}},"3":{"start":{"line":11,"column":0},"end":{"line":11,"column":28}},"4":{"start":{"line":12,"column":0},"end":{"line":12,"column":53}},"5":{"start":{"line":13,"column":0},"end":{"line":13,"column":34}},"6":{"start":{"line":14,"column":0},"end":{"line":14,"column":53}}},"fnMap":{},"branchMap":{},"s":{"0":0,"1":0,"2":0,"3":0,"4":0,"5":0,"6":0},"f":{},"b":{}}
,"C:\\Users\\XriyalVixen\\OneDrive\\Documents\\Code\\Projects\\ProjectCadence\\weeks\\W05_20250901_rest-api\\src\\schemas\\articles.schema.js": {"path":"C:\\Users\\XriyalVixen\\OneDrive\\Documents\\Code\\Projects\\ProjectCadence\\weeks\\W05_20250901_rest-api\\src\\schemas\\articles.schema.js","statementMap":{"0":{"start":{"line":3,"column":29},"end":{"line":7,"column":2}},"1":{"start":{"line":9,"column":29},"end":{"line":12,"column":9}}},"fnMap":{},"branchMap":{},"s":{"0":0,"1":0},"f":{},"b":{}}
,"C:\\Users\\XriyalVixen\\OneDrive\\Documents\\Code\\Projects\\ProjectCadence\\weeks\\W05_20250901_rest-api\\src\\schemas\\comments.schema.js": {"path":"C:\\Users\\XriyalVixen\\OneDrive\\Documents\\Code\\Projects\\ProjectCadence\\weeks\\W05_20250901_rest-api\\src\\schemas\\comments.schema.js","statementMap":{"0":{"start":{"line":3,"column":29},"end":{"line":7,"column":2}},"1":{"start":{"line":9,"column":29},"end":{"line":11,"column":9}}},"fnMap":{},"branchMap":{},"s":{"0":0,"1":0},"f":{},"b":{}}
,"C:\\Users\\XriyalVixen\\OneDrive\\Documents\\Code\\Projects\\ProjectCadence\\weeks\\W05_20250901_rest-api\\src\\schemas\\users.schema.js": {"path":"C:\\Users\\XriyalVixen\\OneDrive\\Documents\\Code\\Projects\\ProjectCadence\\weeks\\W05_20250901_rest-api\\src\\schemas\\users.schema.js","statementMap":{"0":{"start":{"line":3,"column":26},"end":{"line":6,"column":2}},"1":{"start":{"line":8,"column":26},"end":{"line":11,"column":9}}},"fnMap":{},"branchMap":{},"s":{"0":0,"1":0},"f":{},"b":{}}
,"C:\\Users\\XriyalVixen\\OneDrive\\Documents\\Code\\Projects\\ProjectCadence\\weeks\\W05_20250901_rest-api\\src\\utils\\http.js": {"path":"C:\\Users\\XriyalVixen\\OneDrive\\Documents\\Code\\Projects\\ProjectCadence\\weeks\\W05_20250901_rest-api\\src\\utils\\http.js","statementMap":{"0":{"start":{"line":4,"column":4},"end":{"line":4,"column":19}},"1":{"start":{"line":5,"column":4},"end":{"line":5,"column":25}},"2":{"start":{"line":8,"column":18},"end":{"line":9,"column":56}},"3":{"start":{"line":9,"column":2},"end":{"line":9,"column":56}},"4":{"start":{"line":11,"column":23},"end":{"line":12,"column":56}},"5":{"start":{"line":12,"column":2},"end":{"line":12,"column":56}}},"fnMap":{"0":{"name":"(anonymous_0)","decl":{"start":{"line":3,"column":2},"end":{"line":3,"column":3}},"loc":{"start":{"line":3,"column":31},"end":{"line":6,"column":3}},"line":3},"1":{"name":"(anonymous_1)","decl":{"start":{"line":8,"column":18},"end":{"line":8,"column":19}},"loc":{"start":{"line":9,"column":2},"end":{"line":9,"column":56}},"line":9},"2":{"name":"(anonymous_2)","decl":{"start":{"line":11,"column":23},"end":{"line":11,"column":24}},"loc":{"start":{"line":12,"column":2},"end":{"line":12,"column":56}},"line":12}},"branchMap":{"0":{"loc":{"start":{"line":9,"column":23},"end":{"line":9,"column":55}},"type":"cond-expr","locations":[{"start":{"line":9,"column":30},"end":{"line":9,"column":44}},{"start":{"line":9,"column":47},"end":{"line":9,"column":55}}],"line":9},"1":{"loc":{"start":{"line":12,"column":23},"end":{"line":12,"column":55}},"type":"cond-expr","locations":[{"start":{"line":12,"column":30},"end":{"line":12,"column":44}},{"start":{"line":12,"column":47},"end":{"line":12,"column":55}}],"line":12}},"s":{"0":0,"1":0,"2":0,"3":0,"4":0,"5":0},"f":{"0":0,"1":0,"2":0},"b":{"0":[0,0],"1":[0,0]}}
,"C:\\Users\\XriyalVixen\\OneDrive\\Documents\\Code\\Projects\\ProjectCadence\\weeks\\W05_20250901_rest-api\\src\\utils\\query.js": {"path":"C:\\Users\\XriyalVixen\\OneDrive\\Documents\\Code\\Projects\\ProjectCadence\\weeks\\W05_20250901_rest-api\\src\\utils\\query.js","statementMap":{"0":{"start":{"line":2,"column":17},"end":{"line":2,"column":49}},"1":{"start":{"line":3,"column":18},"end":{"line":3,"column":67}},"2":{"start":{"line":4,"column":17},"end":{"line":4,"column":56}},"3":{"start":{"line":5,"column":4},"end":{"line":5,"column":93}},"4":{"start":{"line":9,"column":16},"end":{"line":13,"column":6}},"5":{"start":{"line":10,"column":17},"end":{"line":10,"column":30}},"6":{"start":{"line":10,"column":37},"end":{"line":10,"column":50}},"7":{"start":{"line":11,"column":6},"end":{"line":11,"column":30}},"8":{"start":{"line":11,"column":21},"end":{"line":11,"column":30}},"9":{"start":{"line":12,"column":6},"end":{"line":12,"column":65}},"10":{"start":{"line":14,"column":18},"end":{"line":14,"column":36}},"11":{"start":{"line":15,"column":18},"end":{"line":15,"column":49}},"12":{"start":{"line":16,"column":4},"end":{"line":16,"column":63}}},"fnMap":{"0":{"name":"parseQuery","decl":{"start":{"line":1,"column":16},"end":{"line":1,"column":26}},"loc":{"start":{"line":1,"column":30},"end":{"line":6,"column":3}},"line":1},"1":{"name":"applyListQuery","decl":{"start":{"line":8,"column":18},"end":{"line":8,"column":32}},"loc":{"start":{"line":8,"column":63},"end":{"line":17,"column":3}},"line":8},"2":{"name":"(anonymous_2)","decl":{"start":{"line":9,"column":32},"end":{"line":9,"column":33}},"loc":{"start":{"line":9,"column":42},"end":{"line":13,"column":5}},"line":9}},"branchMap":{"0":{"loc":{"start":{"line":2,"column":29},"end":{"line":2,"column":48}},"type":"binary-expr","locations":[{"start":{"line":2,"column":29},"end":{"line":2,"column":43}},{"start":{"line":2,"column":47},"end":{"line":2,"column":48}}],"line":2},"1":{"loc":{"start":{"line":3,"column":44},"end":{"line":3,"column":65}},"type":"binary-expr","locations":[{"start":{"line":3,"column":44},"end":{"line":3,"column":59}},{"start":{"line":3,"column":63},"end":{"line":3,"column":65}}],"line":3},"2":{"loc":{"start":{"line":4,"column":18},"end":{"line":4,"column":44}},"type":"binary-expr","locations":[{"start":{"line":4,"column":18},"end":{"line":4,"column":24}},{"start":{"line":4,"column":28},"end":{"line":4,"column":44}}],"line":4},"3":{"loc":{"start":{"line":5,"column":56},"end":{"line":5,"column":73}},"type":"binary-expr","locations":[{"start":{"line":5,"column":56},"end":{"line":5,"column":63}},{"start":{"line":5,"column":67},"end":{"line":5,"column":73}}],"line":5},"4":{"loc":{"start":{"line":11,"column":6},"end":{"line":11,"column":30}},"type":"if","locations":[{"start":{"line":11,"column":6},"end":{"line":11,"column":30}},{"start":{},"end":{}}],"line":11},"5":{"loc":{"start":{"line":12,"column":14},"end":{"line":12,"column":30}},"type":"cond-expr","locations":[{"start":{"line":12,"column":24},"end":{"line":12,"column":25}},{"start":{"line":12,"column":28},"end":{"line":12,"column":30}}],"line":12},"6":{"loc":{"start":{"line":12,"column":35},"end":{"line":12,"column":63}},"type":"cond-expr","locations":[{"start":{"line":12,"column":57},"end":{"line":12,"column":59}},{"start":{"line":12,"column":62},"end":{"line":12,"column":63}}],"line":12}},"s":{"0":0,"1":0,"2":0,"3":0,"4":0,"5":0,"6":0,"7":0,"8":0,"9":0,"10":0,"11":0,"12":0},"f":{"0":0,"1":0,"2":0},"b":{"0":[0,0],"1":[0,0],"2":[0,0],"3":[0,0],"4":[0,0],"5":[0,0],"6":[0,0]}}
}
