{"C:\\Users\\XriyalVixen\\OneDrive\\Documents\\Code\\Projects\\ProjectCadence\\weeks\\W05_20250901_rest-api\\src\\app.js": {"path":"C:\\Users\\XriyalVixen\\OneDrive\\Documents\\Code\\Projects\\ProjectCadence\\weeks\\W05_20250901_rest-api\\src\\app.js","statementMap":{"0":{"start":{"line":19,"column":12},"end":{"line":19,"column":21}},"1":{"start":{"line":20,"column":0},"end":{"line":20,"column":26}},"2":{"start":{"line":23,"column":0},"end":{"line":34,"column":2}},"3":{"start":{"line":35,"column":0},"end":{"line":35,"column":27}},"4":{"start":{"line":36,"column":0},"end":{"line":36,"column":32}},"5":{"start":{"line":37,"column":0},"end":{"line":37,"column":24}},"6":{"start":{"line":38,"column":0},"end":{"line":38,"column":48}},"7":{"start":{"line":39,"column":0},"end":{"line":39,"column":23}},"8":{"start":{"line":41,"column":0},"end":{"line":41,"column":37}},"9":{"start":{"line":41,"column":29},"end":{"line":41,"column":35}},"10":{"start":{"line":42,"column":0},"end":{"line":42,"column":19}},"11":{"start":{"line":43,"column":0},"end":{"line":43,"column":71}},"12":{"start":{"line":45,"column":18},"end":{"line":45,"column":62}},"13":{"start":{"line":46,"column":0},"end":{"line":46,"column":62}},"14":{"start":{"line":49,"column":0},"end":{"line":55,"column":3}},"15":{"start":{"line":50,"column":2},"end":{"line":54,"column":5}},"16":{"start":{"line":56,"column":0},"end":{"line":56,"column":62}},"17":{"start":{"line":56,"column":39},"end":{"line":56,"column":60}},"18":{"start":{"line":57,"column":0},"end":{"line":57,"column":58}},"19":{"start":{"line":57,"column":34},"end":{"line":57,"column":56}},"20":{"start":{"line":63,"column":11},"end":{"line":63,"column":27}},"21":{"start":{"line":64,"column":0},"end":{"line":64,"column":30}},"22":{"start":{"line":65,"column":0},"end":{"line":65,"column":36}},"23":{"start":{"line":66,"column":0},"end":{"line":66,"column":36}},"24":{"start":{"line":67,"column":0},"end":{"line":67,"column":19}},"25":{"start":{"line":69,"column":0},"end":{"line":73,"column":1}},"26":{"start":{"line":70,"column":14},"end":{"line":70,"column":74}},"27":{"start":{"line":71,"column":15},"end":{"line":71,"column":26}},"28":{"start":{"line":72,"column":2},"end":{"line":72,"column":59}},"29":{"start":{"line":75,"column":0},"end":{"line":75,"column":18}},"30":{"start":{"line":76,"column":0},"end":{"line":76,"column":22}}},"fnMap":{"0":{"name":"(anonymous_0)","decl":{"start":{"line":41,"column":20},"end":{"line":41,"column":21}},"loc":{"start":{"line":41,"column":29},"end":{"line":41,"column":35}},"line":41},"1":{"name":"(anonymous_1)","decl":{"start":{"line":49,"column":13},"end":{"line":49,"column":14}},"loc":{"start":{"line":49,"column":28},"end":{"line":55,"column":1}},"line":49},"2":{"name":"(anonymous_2)","decl":{"start":{"line":56,"column":24},"end":{"line":56,"column":25}},"loc":{"start":{"line":56,"column":39},"end":{"line":56,"column":60}},"line":56},"3":{"name":"(anonymous_3)","decl":{"start":{"line":57,"column":19},"end":{"line":57,"column":20}},"loc":{"start":{"line":57,"column":34},"end":{"line":57,"column":56}},"line":57}},"branchMap":{"0":{"loc":{"start":{"line":69,"column":0},"end":{"line":73,"column":1}},"type":"if","locations":[{"start":{"line":69,"column":0},"end":{"line":73,"column":1}},{"start":{},"end":{}}],"line":69}},"s":{"0":7,"1":7,"2":7,"3":7,"4":7,"5":7,"6":7,"7":7,"8":7,"9":23,"10":7,"11":7,"12":7,"13":7,"14":7,"15":0,"16":7,"17":0,"18":7,"19":1,"20":7,"21":7,"22":7,"23":7,"24":7,"25":7,"26":0,"27":0,"28":0,"29":7,"30":7},"f":{"0":23,"1":0,"2":0,"3":1},"b":{"0":[0,7]},"inputSourceMap":null,"_coverageSchema":"1a1c01bbd47fc00a2c39e90264f33305004495a9","hash":"eeee40da11ebfe8c5bcd23497595033aa29046e8"}
,"C:\\Users\\XriyalVixen\\OneDrive\\Documents\\Code\\Projects\\ProjectCadence\\weeks\\W05_20250901_rest-api\\src\\config.js": {"path":"C:\\Users\\XriyalVixen\\OneDrive\\Documents\\Code\\Projects\\ProjectCadence\\weeks\\W05_20250901_rest-api\\src\\config.js","statementMap":{"0":{"start":{"line":1,"column":22},"end":{"line":7,"column":3}}},"fnMap":{},"branchMap":{"0":{"loc":{"start":{"line":2,"column":9},"end":{"line":2,"column":46}},"type":"binary-expr","locations":[{"start":{"line":2,"column":9},"end":{"line":2,"column":29}},{"start":{"line":2,"column":33},"end":{"line":2,"column":46}}],"line":2},"1":{"loc":{"start":{"line":3,"column":17},"end":{"line":3,"column":41}},"type":"binary-expr","locations":[{"start":{"line":3,"column":17},"end":{"line":3,"column":33}},{"start":{"line":3,"column":37},"end":{"line":3,"column":41}}],"line":3},"2":{"loc":{"start":{"line":4,"column":12},"end":{"line":4,"column":37}},"type":"binary-expr","locations":[{"start":{"line":4,"column":12},"end":{"line":4,"column":31}},{"start":{"line":4,"column":35},"end":{"line":4,"column":37}}],"line":4}},"s":{"0":7},"f":{},"b":{"0":[7,0],"1":[7,7],"2":[7,0]},"inputSourceMap":null,"_coverageSchema":"1a1c01bbd47fc00a2c39e90264f33305004495a9","hash":"c5548789d45f77e6b6ad0a135b7d3c2456dc5ab8"}
,"C:\\Users\\XriyalVixen\\OneDrive\\Documents\\Code\\Projects\\ProjectCadence\\weeks\\W05_20250901_rest-api\\src\\server.js": {"path":"C:\\Users\\XriyalVixen\\OneDrive\\Documents\\Code\\Projects\\ProjectCadence\\weeks\\W05_20250901_rest-api\\src\\server.js","statementMap":{"0":{"start":{"line":6,"column":15},"end":{"line":6,"column":37}},"1":{"start":{"line":7,"column":0},"end":{"line":9,"column":3}},"2":{"start":{"line":8,"column":2},"end":{"line":8,"column":95}}},"fnMap":{"0":{"name":"(anonymous_0)","decl":{"start":{"line":7,"column":27},"end":{"line":7,"column":28}},"loc":{"start":{"line":7,"column":33},"end":{"line":9,"column":1}},"line":7}},"branchMap":{},"s":{"0":0,"1":0,"2":0},"f":{"0":0},"b":{},"inputSourceMap":null}
,"C:\\Users\\XriyalVixen\\OneDrive\\Documents\\Code\\Projects\\ProjectCadence\\weeks\\W05_20250901_rest-api\\src\\controllers\\articles.controller.js": {"path":"C:\\Users\\XriyalVixen\\OneDrive\\Documents\\Code\\Projects\\ProjectCadence\\weeks\\W05_20250901_rest-api\\src\\controllers\\articles.controller.js","statementMap":{"0":{"start":{"line":6,"column":14},"end":{"line":6,"column":31}},"1":{"start":{"line":7,"column":19},"end":{"line":9,"column":9}},"2":{"start":{"line":8,"column":22},"end":{"line":8,"column":55}},"3":{"start":{"line":10,"column":12},"end":{"line":10,"column":33}},"4":{"start":{"line":11,"column":24},"end":{"line":11,"column":51}},"5":{"start":{"line":12,"column":2},"end":{"line":12,"column":30}},"6":{"start":{"line":16,"column":17},"end":{"line":16,"column":53}},"7":{"start":{"line":17,"column":2},"end":{"line":17,"column":60}},"8":{"start":{"line":17,"column":15},"end":{"line":17,"column":60}},"9":{"start":{"line":18,"column":14},"end":{"line":18,"column":47}},"10":{"start":{"line":19,"column":2},"end":{"line":19,"column":27}},"11":{"start":{"line":22,"column":14},"end":{"line":22,"column":44}},"12":{"start":{"line":23,"column":2},"end":{"line":23,"column":58}},"13":{"start":{"line":23,"column":12},"end":{"line":23,"column":58}},"14":{"start":{"line":24,"column":2},"end":{"line":24,"column":22}},"15":{"start":{"line":27,"column":14},"end":{"line":27,"column":62}},"16":{"start":{"line":28,"column":2},"end":{"line":28,"column":58}},"17":{"start":{"line":28,"column":12},"end":{"line":28,"column":58}},"18":{"start":{"line":29,"column":2},"end":{"line":29,"column":22}},"19":{"start":{"line":32,"column":13},"end":{"line":32,"column":46}},"20":{"start":{"line":33,"column":2},"end":{"line":33,"column":57}},"21":{"start":{"line":33,"column":11},"end":{"line":33,"column":57}},"22":{"start":{"line":34,"column":2},"end":{"line":34,"column":32}}},"fnMap":{"0":{"name":"listArticles","decl":{"start":{"line":5,"column":22},"end":{"line":5,"column":34}},"loc":{"start":{"line":5,"column":45},"end":{"line":13,"column":1}},"line":5},"1":{"name":"(anonymous_1)","decl":{"start":{"line":8,"column":17},"end":{"line":8,"column":18}},"loc":{"start":{"line":8,"column":22},"end":{"line":8,"column":55}},"line":8},"2":{"name":"createArticle","decl":{"start":{"line":15,"column":22},"end":{"line":15,"column":35}},"loc":{"start":{"line":15,"column":46},"end":{"line":20,"column":1}},"line":15},"3":{"name":"getArticle","decl":{"start":{"line":21,"column":22},"end":{"line":21,"column":32}},"loc":{"start":{"line":21,"column":43},"end":{"line":25,"column":1}},"line":21},"4":{"name":"updateArticle","decl":{"start":{"line":26,"column":22},"end":{"line":26,"column":35}},"loc":{"start":{"line":26,"column":46},"end":{"line":30,"column":1}},"line":26},"5":{"name":"removeArticle","decl":{"start":{"line":31,"column":22},"end":{"line":31,"column":35}},"loc":{"start":{"line":31,"column":46},"end":{"line":35,"column":1}},"line":31}},"branchMap":{"0":{"loc":{"start":{"line":7,"column":19},"end":{"line":9,"column":9}},"type":"cond-expr","locations":[{"start":{"line":8,"column":6},"end":{"line":8,"column":56}},{"start":{"line":9,"column":6},"end":{"line":9,"column":9}}],"line":7},"1":{"loc":{"start":{"line":17,"column":2},"end":{"line":17,"column":60}},"type":"if","locations":[{"start":{"line":17,"column":2},"end":{"line":17,"column":60}},{"start":{},"end":{}}],"line":17},"2":{"loc":{"start":{"line":23,"column":2},"end":{"line":23,"column":58}},"type":"if","locations":[{"start":{"line":23,"column":2},"end":{"line":23,"column":58}},{"start":{},"end":{}}],"line":23},"3":{"loc":{"start":{"line":28,"column":2},"end":{"line":28,"column":58}},"type":"if","locations":[{"start":{"line":28,"column":2},"end":{"line":28,"column":58}},{"start":{},"end":{}}],"line":28},"4":{"loc":{"start":{"line":33,"column":2},"end":{"line":33,"column":57}},"type":"if","locations":[{"start":{"line":33,"column":2},"end":{"line":33,"column":57}},{"start":{},"end":{}}],"line":33}},"s":{"0":2,"1":2,"2":5,"3":2,"4":2,"5":2,"6":8,"7":8,"8":1,"9":7,"10":7,"11":1,"12":1,"13":1,"14":0,"15":0,"16":0,"17":0,"18":0,"19":1,"20":1,"21":1,"22":0},"f":{"0":2,"1":5,"2":8,"3":1,"4":0,"5":1},"b":{"0":[1,1],"1":[1,7],"2":[1,0],"3":[0,0],"4":[1,0]},"inputSourceMap":null,"_coverageSchema":"1a1c01bbd47fc00a2c39e90264f33305004495a9","hash":"4709d8e636d4e4c113482d0379040a3435ca8fe0"}
,"C:\\Users\\XriyalVixen\\OneDrive\\Documents\\Code\\Projects\\ProjectCadence\\weeks\\W05_20250901_rest-api\\src\\controllers\\comments.controller.js": {"path":"C:\\Users\\XriyalVixen\\OneDrive\\Documents\\Code\\Projects\\ProjectCadence\\weeks\\W05_20250901_rest-api\\src\\controllers\\comments.controller.js","statementMap":{"0":{"start":{"line":6,"column":14},"end":{"line":6,"column":31}},"1":{"start":{"line":7,"column":19},"end":{"line":9,"column":9}},"2":{"start":{"line":8,"column":22},"end":{"line":8,"column":55}},"3":{"start":{"line":10,"column":12},"end":{"line":10,"column":33}},"4":{"start":{"line":11,"column":24},"end":{"line":11,"column":51}},"5":{"start":{"line":12,"column":2},"end":{"line":12,"column":30}},"6":{"start":{"line":15,"column":34},"end":{"line":15,"column":47}},"7":{"start":{"line":16,"column":18},"end":{"line":16,"column":44}},"8":{"start":{"line":17,"column":2},"end":{"line":17,"column":62}},"9":{"start":{"line":17,"column":16},"end":{"line":17,"column":62}},"10":{"start":{"line":18,"column":2},"end":{"line":20,"column":3}},"11":{"start":{"line":19,"column":4},"end":{"line":19,"column":49}},"12":{"start":{"line":21,"column":14},"end":{"line":21,"column":47}},"13":{"start":{"line":22,"column":2},"end":{"line":22,"column":27}},"14":{"start":{"line":25,"column":14},"end":{"line":25,"column":44}},"15":{"start":{"line":26,"column":2},"end":{"line":26,"column":58}},"16":{"start":{"line":26,"column":12},"end":{"line":26,"column":58}},"17":{"start":{"line":27,"column":2},"end":{"line":27,"column":22}},"18":{"start":{"line":30,"column":14},"end":{"line":30,"column":62}},"19":{"start":{"line":31,"column":2},"end":{"line":31,"column":58}},"20":{"start":{"line":31,"column":12},"end":{"line":31,"column":58}},"21":{"start":{"line":32,"column":2},"end":{"line":32,"column":22}},"22":{"start":{"line":35,"column":13},"end":{"line":35,"column":46}},"23":{"start":{"line":36,"column":2},"end":{"line":36,"column":57}},"24":{"start":{"line":36,"column":11},"end":{"line":36,"column":57}},"25":{"start":{"line":37,"column":2},"end":{"line":37,"column":32}}},"fnMap":{"0":{"name":"listComments","decl":{"start":{"line":5,"column":22},"end":{"line":5,"column":34}},"loc":{"start":{"line":5,"column":45},"end":{"line":13,"column":1}},"line":5},"1":{"name":"(anonymous_1)","decl":{"start":{"line":8,"column":17},"end":{"line":8,"column":18}},"loc":{"start":{"line":8,"column":22},"end":{"line":8,"column":55}},"line":8},"2":{"name":"createComment","decl":{"start":{"line":14,"column":22},"end":{"line":14,"column":35}},"loc":{"start":{"line":14,"column":46},"end":{"line":23,"column":1}},"line":14},"3":{"name":"getComment","decl":{"start":{"line":24,"column":22},"end":{"line":24,"column":32}},"loc":{"start":{"line":24,"column":43},"end":{"line":28,"column":1}},"line":24},"4":{"name":"updateComment","decl":{"start":{"line":29,"column":22},"end":{"line":29,"column":35}},"loc":{"start":{"line":29,"column":46},"end":{"line":33,"column":1}},"line":29},"5":{"name":"removeComment","decl":{"start":{"line":34,"column":22},"end":{"line":34,"column":35}},"loc":{"start":{"line":34,"column":46},"end":{"line":38,"column":1}},"line":34}},"branchMap":{"0":{"loc":{"start":{"line":7,"column":19},"end":{"line":9,"column":9}},"type":"cond-expr","locations":[{"start":{"line":8,"column":6},"end":{"line":8,"column":56}},{"start":{"line":9,"column":6},"end":{"line":9,"column":9}}],"line":7},"1":{"loc":{"start":{"line":17,"column":2},"end":{"line":17,"column":62}},"type":"if","locations":[{"start":{"line":17,"column":2},"end":{"line":17,"column":62}},{"start":{},"end":{}}],"line":17},"2":{"loc":{"start":{"line":18,"column":2},"end":{"line":20,"column":3}},"type":"if","locations":[{"start":{"line":18,"column":2},"end":{"line":20,"column":3}},{"start":{},"end":{}}],"line":18},"3":{"loc":{"start":{"line":18,"column":6},"end":{"line":18,"column":41}},"type":"binary-expr","locations":[{"start":{"line":18,"column":6},"end":{"line":18,"column":14}},{"start":{"line":18,"column":18},"end":{"line":18,"column":41}}],"line":18},"4":{"loc":{"start":{"line":26,"column":2},"end":{"line":26,"column":58}},"type":"if","locations":[{"start":{"line":26,"column":2},"end":{"line":26,"column":58}},{"start":{},"end":{}}],"line":26},"5":{"loc":{"start":{"line":31,"column":2},"end":{"line":31,"column":58}},"type":"if","locations":[{"start":{"line":31,"column":2},"end":{"line":31,"column":58}},{"start":{},"end":{}}],"line":31},"6":{"loc":{"start":{"line":36,"column":2},"end":{"line":36,"column":57}},"type":"if","locations":[{"start":{"line":36,"column":2},"end":{"line":36,"column":57}},{"start":{},"end":{}}],"line":36}},"s":{"0":1,"1":1,"2":0,"3":1,"4":1,"5":1,"6":2,"7":2,"8":2,"9":0,"10":2,"11":0,"12":2,"13":2,"14":0,"15":0,"16":0,"17":0,"18":0,"19":0,"20":0,"21":0,"22":0,"23":0,"24":0,"25":0},"f":{"0":1,"1":0,"2":2,"3":0,"4":0,"5":0},"b":{"0":[0,1],"1":[0,2],"2":[0,2],"3":[2,1],"4":[0,0],"5":[0,0],"6":[0,0]},"inputSourceMap":null,"_coverageSchema":"1a1c01bbd47fc00a2c39e90264f33305004495a9","hash":"36bc1196a40df4082e9095f1aa3b48253e6dc579"}
,"C:\\Users\\XriyalVixen\\OneDrive\\Documents\\Code\\Projects\\ProjectCadence\\weeks\\W05_20250901_rest-api\\src\\controllers\\users.controller.js": {"path":"C:\\Users\\XriyalVixen\\OneDrive\\Documents\\Code\\Projects\\ProjectCadence\\weeks\\W05_20250901_rest-api\\src\\controllers\\users.controller.js","statementMap":{"0":{"start":{"line":5,"column":2},"end":{"line":5,"column":33}},"1":{"start":{"line":9,"column":15},"end":{"line":9,"column":45}},"2":{"start":{"line":10,"column":2},"end":{"line":10,"column":28}},"3":{"start":{"line":14,"column":15},"end":{"line":14,"column":42}},"4":{"start":{"line":15,"column":2},"end":{"line":15,"column":56}},"5":{"start":{"line":15,"column":13},"end":{"line":15,"column":56}},"6":{"start":{"line":16,"column":2},"end":{"line":16,"column":23}},"7":{"start":{"line":20,"column":18},"end":{"line":20,"column":63}},"8":{"start":{"line":21,"column":2},"end":{"line":21,"column":59}},"9":{"start":{"line":21,"column":16},"end":{"line":21,"column":59}},"10":{"start":{"line":22,"column":2},"end":{"line":22,"column":26}},"11":{"start":{"line":26,"column":19},"end":{"line":26,"column":49}},"12":{"start":{"line":27,"column":2},"end":{"line":27,"column":60}},"13":{"start":{"line":27,"column":17},"end":{"line":27,"column":60}},"14":{"start":{"line":28,"column":2},"end":{"line":28,"column":32}}},"fnMap":{"0":{"name":"listUsers","decl":{"start":{"line":4,"column":22},"end":{"line":4,"column":31}},"loc":{"start":{"line":4,"column":43},"end":{"line":6,"column":1}},"line":4},"1":{"name":"createUser","decl":{"start":{"line":8,"column":22},"end":{"line":8,"column":32}},"loc":{"start":{"line":8,"column":43},"end":{"line":11,"column":1}},"line":8},"2":{"name":"getUser","decl":{"start":{"line":13,"column":22},"end":{"line":13,"column":29}},"loc":{"start":{"line":13,"column":40},"end":{"line":17,"column":1}},"line":13},"3":{"name":"updateUser","decl":{"start":{"line":19,"column":22},"end":{"line":19,"column":32}},"loc":{"start":{"line":19,"column":43},"end":{"line":23,"column":1}},"line":19},"4":{"name":"removeUser","decl":{"start":{"line":25,"column":22},"end":{"line":25,"column":32}},"loc":{"start":{"line":25,"column":43},"end":{"line":29,"column":1}},"line":25}},"branchMap":{"0":{"loc":{"start":{"line":15,"column":2},"end":{"line":15,"column":56}},"type":"if","locations":[{"start":{"line":15,"column":2},"end":{"line":15,"column":56}},{"start":{},"end":{}}],"line":15},"1":{"loc":{"start":{"line":21,"column":2},"end":{"line":21,"column":59}},"type":"if","locations":[{"start":{"line":21,"column":2},"end":{"line":21,"column":59}},{"start":{},"end":{}}],"line":21},"2":{"loc":{"start":{"line":27,"column":2},"end":{"line":27,"column":60}},"type":"if","locations":[{"start":{"line":27,"column":2},"end":{"line":27,"column":60}},{"start":{},"end":{}}],"line":27}},"s":{"0":1,"1":5,"2":5,"3":0,"4":0,"5":0,"6":0,"7":0,"8":0,"9":0,"10":0,"11":0,"12":0,"13":0,"14":0},"f":{"0":1,"1":5,"2":0,"3":0,"4":0},"b":{"0":[0,0],"1":[0,0],"2":[0,0]},"inputSourceMap":null,"_coverageSchema":"1a1c01bbd47fc00a2c39e90264f33305004495a9","hash":"2ca3aebba3003026965b8021bc1dedc9c775436b"}
,"C:\\Users\\XriyalVixen\\OneDrive\\Documents\\Code\\Projects\\ProjectCadence\\weeks\\W05_20250901_rest-api\\src\\middleware\\apiKey.js": {"path":"C:\\Users\\XriyalVixen\\OneDrive\\Documents\\Code\\Projects\\ProjectCadence\\weeks\\W05_20250901_rest-api\\src\\middleware\\apiKey.js","statementMap":{"0":{"start":{"line":5,"column":14},"end":{"line":5,"column":27}},"1":{"start":{"line":6,"column":2},"end":{"line":13,"column":4}},"2":{"start":{"line":8,"column":4},"end":{"line":8,"column":28}},"3":{"start":{"line":8,"column":14},"end":{"line":8,"column":28}},"4":{"start":{"line":10,"column":21},"end":{"line":10,"column":50}},"5":{"start":{"line":11,"column":4},"end":{"line":11,"column":40}},"6":{"start":{"line":11,"column":26},"end":{"line":11,"column":40}},"7":{"start":{"line":12,"column":4},"end":{"line":12,"column":59}}},"fnMap":{"0":{"name":"apiKey","decl":{"start":{"line":4,"column":16},"end":{"line":4,"column":22}},"loc":{"start":{"line":4,"column":25},"end":{"line":14,"column":1}},"line":4},"1":{"name":"(anonymous_1)","decl":{"start":{"line":6,"column":9},"end":{"line":6,"column":10}},"loc":{"start":{"line":6,"column":29},"end":{"line":13,"column":3}},"line":6}},"branchMap":{"0":{"loc":{"start":{"line":8,"column":4},"end":{"line":8,"column":28}},"type":"if","locations":[{"start":{"line":8,"column":4},"end":{"line":8,"column":28}},{"start":{},"end":{}}],"line":8},"1":{"loc":{"start":{"line":10,"column":21},"end":{"line":10,"column":50}},"type":"binary-expr","locations":[{"start":{"line":10,"column":21},"end":{"line":10,"column":44}},{"start":{"line":10,"column":48},"end":{"line":10,"column":50}}],"line":10},"2":{"loc":{"start":{"line":11,"column":4},"end":{"line":11,"column":40}},"type":"if","locations":[{"start":{"line":11,"column":4},"end":{"line":11,"column":40}},{"start":{},"end":{}}],"line":11}},"s":{"0":21,"1":21,"2":10,"3":0,"4":10,"5":10,"6":9,"7":1},"f":{"0":21,"1":10},"b":{"0":[0,10],"1":[10,1],"2":[9,1]},"inputSourceMap":null,"_coverageSchema":"1a1c01bbd47fc00a2c39e90264f33305004495a9","hash":"a7c97e0ad86b6304c228665161d2eed45a35ba7b"}
,"C:\\Users\\XriyalVixen\\OneDrive\\Documents\\Code\\Projects\\ProjectCadence\\weeks\\W05_20250901_rest-api\\src\\middleware\\errorHandler.js": {"path":"C:\\Users\\XriyalVixen\\OneDrive\\Documents\\Code\\Projects\\ProjectCadence\\weeks\\W05_20250901_rest-api\\src\\middleware\\errorHandler.js","statementMap":{"0":{"start":{"line":3,"column":28},"end":{"line":16,"column":1}},"1":{"start":{"line":4,"column":2},"end":{"line":10,"column":3}},"2":{"start":{"line":5,"column":4},"end":{"line":9,"column":7}},"3":{"start":{"line":8,"column":37},"end":{"line":8,"column":73}},"4":{"start":{"line":11,"column":2},"end":{"line":13,"column":3}},"5":{"start":{"line":12,"column":4},"end":{"line":12,"column":76}},"6":{"start":{"line":14,"column":17},"end":{"line":14,"column":34}},"7":{"start":{"line":15,"column":2},"end":{"line":15,"column":90}}},"fnMap":{"0":{"name":"(anonymous_0)","decl":{"start":{"line":3,"column":28},"end":{"line":3,"column":29}},"loc":{"start":{"line":3,"column":54},"end":{"line":16,"column":1}},"line":3},"1":{"name":"(anonymous_1)","decl":{"start":{"line":8,"column":31},"end":{"line":8,"column":32}},"loc":{"start":{"line":8,"column":37},"end":{"line":8,"column":73}},"line":8}},"branchMap":{"0":{"loc":{"start":{"line":4,"column":2},"end":{"line":10,"column":3}},"type":"if","locations":[{"start":{"line":4,"column":2},"end":{"line":10,"column":3}},{"start":{},"end":{}}],"line":4},"1":{"loc":{"start":{"line":4,"column":6},"end":{"line":4,"column":22}},"type":"binary-expr","locations":[{"start":{"line":4,"column":6},"end":{"line":4,"column":9}},{"start":{"line":4,"column":13},"end":{"line":4,"column":22}}],"line":4},"2":{"loc":{"start":{"line":11,"column":2},"end":{"line":13,"column":3}},"type":"if","locations":[{"start":{"line":11,"column":2},"end":{"line":13,"column":3}},{"start":{},"end":{}}],"line":11},"3":{"loc":{"start":{"line":14,"column":17},"end":{"line":14,"column":34}},"type":"binary-expr","locations":[{"start":{"line":14,"column":17},"end":{"line":14,"column":27}},{"start":{"line":14,"column":31},"end":{"line":14,"column":34}}],"line":14},"4":{"loc":{"start":{"line":15,"column":35},"end":{"line":15,"column":73}},"type":"binary-expr","locations":[{"start":{"line":15,"column":35},"end":{"line":15,"column":46}},{"start":{"line":15,"column":50},"end":{"line":15,"column":73}}],"line":15}},"s":{"0":7,"1":3,"2":0,"3":0,"4":3,"5":3,"6":0,"7":0},"f":{"0":3,"1":0},"b":{"0":[0,3],"1":[3,3],"2":[3,0],"3":[0,0],"4":[0,0]},"inputSourceMap":null,"_coverageSchema":"1a1c01bbd47fc00a2c39e90264f33305004495a9","hash":"c094a5fc1c1f7ca94355caa6684f8ecf8dd283d5"}
,"C:\\Users\\XriyalVixen\\OneDrive\\Documents\\Code\\Projects\\ProjectCadence\\weeks\\W05_20250901_rest-api\\src\\middleware\\notFound.js": {"path":"C:\\Users\\XriyalVixen\\OneDrive\\Documents\\Code\\Projects\\ProjectCadence\\weeks\\W05_20250901_rest-api\\src\\middleware\\notFound.js","statementMap":{"0":{"start":{"line":1,"column":24},"end":{"line":3,"column":3}},"1":{"start":{"line":2,"column":4},"end":{"line":2,"column":49}}},"fnMap":{"0":{"name":"(anonymous_0)","decl":{"start":{"line":1,"column":24},"end":{"line":1,"column":25}},"loc":{"start":{"line":1,"column":46},"end":{"line":3,"column":3}},"line":1}},"branchMap":{},"s":{"0":7,"1":0},"f":{"0":0},"b":{},"inputSourceMap":null,"_coverageSchema":"1a1c01bbd47fc00a2c39e90264f33305004495a9","hash":"bca74bee4bb5080e19bb38d140f68eb3aa84ab26"}
,"C:\\Users\\XriyalVixen\\OneDrive\\Documents\\Code\\Projects\\ProjectCadence\\weeks\\W05_20250901_rest-api\\src\\middleware\\requestId.js": {"path":"C:\\Users\\XriyalVixen\\OneDrive\\Documents\\Code\\Projects\\ProjectCadence\\weeks\\W05_20250901_rest-api\\src\\middleware\\requestId.js","statementMap":{"0":{"start":{"line":3,"column":2},"end":{"line":3,"column":24}},"1":{"start":{"line":4,"column":2},"end":{"line":4,"column":9}}},"fnMap":{"0":{"name":"requestId","decl":{"start":{"line":2,"column":16},"end":{"line":2,"column":25}},"loc":{"start":{"line":2,"column":43},"end":{"line":5,"column":1}},"line":2}},"branchMap":{},"s":{"0":23,"1":23},"f":{"0":23},"b":{},"inputSourceMap":null,"_coverageSchema":"1a1c01bbd47fc00a2c39e90264f33305004495a9","hash":"eb6a937ad5b52b00cfd8303d4e6659203d2796ee"}
,"C:\\Users\\XriyalVixen\\OneDrive\\Documents\\Code\\Projects\\ProjectCadence\\weeks\\W05_20250901_rest-api\\src\\middleware\\validate.js": {"path":"C:\\Users\\XriyalVixen\\OneDrive\\Documents\\Code\\Projects\\ProjectCadence\\weeks\\W05_20250901_rest-api\\src\\middleware\\validate.js","statementMap":{"0":{"start":{"line":1,"column":24},"end":{"line":8,"column":3}},"1":{"start":{"line":1,"column":36},"end":{"line":8,"column":3}},"2":{"start":{"line":2,"column":29},"end":{"line":4,"column":6}},"3":{"start":{"line":5,"column":4},"end":{"line":5,"column":34}},"4":{"start":{"line":5,"column":15},"end":{"line":5,"column":34}},"5":{"start":{"line":6,"column":4},"end":{"line":6,"column":26}},"6":{"start":{"line":7,"column":4},"end":{"line":7,"column":11}}},"fnMap":{"0":{"name":"(anonymous_0)","decl":{"start":{"line":1,"column":24},"end":{"line":1,"column":25}},"loc":{"start":{"line":1,"column":36},"end":{"line":8,"column":3}},"line":1},"1":{"name":"(anonymous_1)","decl":{"start":{"line":1,"column":36},"end":{"line":1,"column":37}},"loc":{"start":{"line":1,"column":57},"end":{"line":8,"column":3}},"line":1}},"branchMap":{"0":{"loc":{"start":{"line":5,"column":4},"end":{"line":5,"column":34}},"type":"if","locations":[{"start":{"line":5,"column":4},"end":{"line":5,"column":34}},{"start":{},"end":{}}],"line":5}},"s":{"0":7,"1":35,"2":15,"3":15,"4":0,"5":15,"6":15},"f":{"0":35,"1":15},"b":{"0":[0,15]},"inputSourceMap":null,"_coverageSchema":"1a1c01bbd47fc00a2c39e90264f33305004495a9","hash":"4ce5fa09a35d6fcd78f60a09af416105454378a4"}
,"C:\\Users\\XriyalVixen\\OneDrive\\Documents\\Code\\Projects\\ProjectCadence\\weeks\\W05_20250901_rest-api\\src\\middleware\\validateParam.js": {"path":"C:\\Users\\XriyalVixen\\OneDrive\\Documents\\Code\\Projects\\ProjectCadence\\weeks\\W05_20250901_rest-api\\src\\middleware\\validateParam.js","statementMap":{"0":{"start":{"line":1,"column":16},"end":{"line":1,"column":88}},"1":{"start":{"line":2,"column":33},"end":{"line":6,"column":1}},"2":{"start":{"line":2,"column":55},"end":{"line":6,"column":1}},"3":{"start":{"line":3,"column":12},"end":{"line":3,"column":33}},"4":{"start":{"line":4,"column":2},"end":{"line":4,"column":87}},"5":{"start":{"line":4,"column":24},"end":{"line":4,"column":87}},"6":{"start":{"line":5,"column":2},"end":{"line":5,"column":9}}},"fnMap":{"0":{"name":"(anonymous_0)","decl":{"start":{"line":2,"column":33},"end":{"line":2,"column":34}},"loc":{"start":{"line":2,"column":55},"end":{"line":6,"column":1}},"line":2},"1":{"name":"(anonymous_1)","decl":{"start":{"line":2,"column":55},"end":{"line":2,"column":56}},"loc":{"start":{"line":2,"column":75},"end":{"line":6,"column":1}},"line":2}},"branchMap":{"0":{"loc":{"start":{"line":2,"column":34},"end":{"line":2,"column":50}},"type":"default-arg","locations":[{"start":{"line":2,"column":46},"end":{"line":2,"column":50}}],"line":2},"1":{"loc":{"start":{"line":4,"column":2},"end":{"line":4,"column":87}},"type":"if","locations":[{"start":{"line":4,"column":2},"end":{"line":4,"column":87}},{"start":{},"end":{}}],"line":4}},"s":{"0":7,"1":7,"2":35,"3":1,"4":1,"5":0,"6":1},"f":{"0":35,"1":1},"b":{"0":[21],"1":[0,1]},"inputSourceMap":null,"_coverageSchema":"1a1c01bbd47fc00a2c39e90264f33305004495a9","hash":"aefdd230156823957a89c98fef0ddbfaff093038"}
,"C:\\Users\\XriyalVixen\\OneDrive\\Documents\\Code\\Projects\\ProjectCadence\\weeks\\W05_20250901_rest-api\\src\\models\\db.js": {"path":"C:\\Users\\XriyalVixen\\OneDrive\\Documents\\Code\\Projects\\ProjectCadence\\weeks\\W05_20250901_rest-api\\src\\models\\db.js","statementMap":{"0":{"start":{"line":4,"column":16},"end":{"line":4,"column":25}},"1":{"start":{"line":5,"column":2},"end":{"line":23,"column":4}},"2":{"start":{"line":6,"column":15},"end":{"line":6,"column":41}},"3":{"start":{"line":7,"column":17},"end":{"line":7,"column":38}},"4":{"start":{"line":9,"column":18},"end":{"line":9,"column":42}},"5":{"start":{"line":10,"column":18},"end":{"line":10,"column":82}},"6":{"start":{"line":11,"column":6},"end":{"line":11,"column":29}},"7":{"start":{"line":12,"column":6},"end":{"line":12,"column":17}},"8":{"start":{"line":15,"column":20},"end":{"line":15,"column":33}},"9":{"start":{"line":16,"column":6},"end":{"line":16,"column":30}},"10":{"start":{"line":16,"column":18},"end":{"line":16,"column":30}},"11":{"start":{"line":17,"column":22},"end":{"line":17,"column":81}},"12":{"start":{"line":18,"column":6},"end":{"line":18,"column":29}},"13":{"start":{"line":19,"column":6},"end":{"line":19,"column":21}},"14":{"start":{"line":21,"column":20},"end":{"line":21,"column":36}},"15":{"start":{"line":22,"column":17},"end":{"line":22,"column":30}},"16":{"start":{"line":26,"column":18},"end":{"line":35,"column":1}},"17":{"start":{"line":31,"column":4},"end":{"line":31,"column":23}},"18":{"start":{"line":32,"column":4},"end":{"line":32,"column":26}},"19":{"start":{"line":33,"column":4},"end":{"line":33,"column":26}}},"fnMap":{"0":{"name":"createStore","decl":{"start":{"line":3,"column":9},"end":{"line":3,"column":20}},"loc":{"start":{"line":3,"column":23},"end":{"line":24,"column":1}},"line":3},"1":{"name":"(anonymous_1)","decl":{"start":{"line":6,"column":9},"end":{"line":6,"column":10}},"loc":{"start":{"line":6,"column":15},"end":{"line":6,"column":41}},"line":6},"2":{"name":"(anonymous_2)","decl":{"start":{"line":7,"column":9},"end":{"line":7,"column":10}},"loc":{"start":{"line":7,"column":17},"end":{"line":7,"column":38}},"line":7},"3":{"name":"(anonymous_3)","decl":{"start":{"line":8,"column":12},"end":{"line":8,"column":13}},"loc":{"start":{"line":8,"column":25},"end":{"line":13,"column":5}},"line":8},"4":{"name":"(anonymous_4)","decl":{"start":{"line":14,"column":12},"end":{"line":14,"column":13}},"loc":{"start":{"line":14,"column":27},"end":{"line":20,"column":5}},"line":14},"5":{"name":"(anonymous_5)","decl":{"start":{"line":21,"column":12},"end":{"line":21,"column":13}},"loc":{"start":{"line":21,"column":20},"end":{"line":21,"column":36}},"line":21},"6":{"name":"(anonymous_6)","decl":{"start":{"line":22,"column":11},"end":{"line":22,"column":12}},"loc":{"start":{"line":22,"column":17},"end":{"line":22,"column":30}},"line":22},"7":{"name":"(anonymous_7)","decl":{"start":{"line":30,"column":2},"end":{"line":30,"column":3}},"loc":{"start":{"line":30,"column":13},"end":{"line":34,"column":3}},"line":30}},"branchMap":{"0":{"loc":{"start":{"line":7,"column":17},"end":{"line":7,"column":38}},"type":"binary-expr","locations":[{"start":{"line":7,"column":17},"end":{"line":7,"column":30}},{"start":{"line":7,"column":34},"end":{"line":7,"column":38}}],"line":7},"1":{"loc":{"start":{"line":16,"column":6},"end":{"line":16,"column":30}},"type":"if","locations":[{"start":{"line":16,"column":6},"end":{"line":16,"column":30}},{"start":{},"end":{}}],"line":16}},"s":{"0":21,"1":21,"2":4,"3":12,"4":14,"5":14,"6":14,"7":14,"8":0,"9":0,"10":0,"11":0,"12":0,"13":0,"14":1,"15":27,"16":7,"17":9,"18":9,"19":9},"f":{"0":21,"1":4,"2":12,"3":14,"4":0,"5":1,"6":27,"7":9},"b":{"0":[12,2],"1":[0,0]},"inputSourceMap":null,"_coverageSchema":"1a1c01bbd47fc00a2c39e90264f33305004495a9","hash":"bdf055f9dba5c79412150e81f4e9c96bf54750b8"}
,"C:\\Users\\XriyalVixen\\OneDrive\\Documents\\Code\\Projects\\ProjectCadence\\weeks\\W05_20250901_rest-api\\src\\routes\\articles.routes.js": {"path":"C:\\Users\\XriyalVixen\\OneDrive\\Documents\\Code\\Projects\\ProjectCadence\\weeks\\W05_20250901_rest-api\\src\\routes\\articles.routes.js","statementMap":{"0":{"start":{"line":8,"column":15},"end":{"line":8,"column":23}},"1":{"start":{"line":9,"column":0},"end":{"line":9,"column":67}},"2":{"start":{"line":10,"column":0},"end":{"line":10,"column":30}},"3":{"start":{"line":11,"column":0},"end":{"line":11,"column":56}},"4":{"start":{"line":12,"column":0},"end":{"line":12,"column":69}},"5":{"start":{"line":13,"column":0},"end":{"line":13,"column":47}}},"fnMap":{},"branchMap":{},"s":{"0":7,"1":7,"2":7,"3":7,"4":7,"5":7},"f":{},"b":{},"inputSourceMap":null,"_coverageSchema":"1a1c01bbd47fc00a2c39e90264f33305004495a9","hash":"9d9f957e5c777f6320ff10052c0197a739ac7a08"}
,"C:\\Users\\XriyalVixen\\OneDrive\\Documents\\Code\\Projects\\ProjectCadence\\weeks\\W05_20250901_rest-api\\src\\routes\\comments.routes.js": {"path":"C:\\Users\\XriyalVixen\\OneDrive\\Documents\\Code\\Projects\\ProjectCadence\\weeks\\W05_20250901_rest-api\\src\\routes\\comments.routes.js","statementMap":{"0":{"start":{"line":7,"column":15},"end":{"line":7,"column":23}},"1":{"start":{"line":8,"column":0},"end":{"line":8,"column":30}},"2":{"start":{"line":9,"column":0},"end":{"line":9,"column":57}},"3":{"start":{"line":10,"column":0},"end":{"line":10,"column":56}},"4":{"start":{"line":11,"column":0},"end":{"line":11,"column":59}},"5":{"start":{"line":12,"column":0},"end":{"line":12,"column":37}}},"fnMap":{},"branchMap":{},"s":{"0":7,"1":7,"2":7,"3":7,"4":7,"5":7},"f":{},"b":{},"inputSourceMap":null,"_coverageSchema":"1a1c01bbd47fc00a2c39e90264f33305004495a9","hash":"5113219e33d37deaf38bb255122d721310c5074c"}
,"C:\\Users\\XriyalVixen\\OneDrive\\Documents\\Code\\Projects\\ProjectCadence\\weeks\\W05_20250901_rest-api\\src\\routes\\users.routes.js": {"path":"C:\\Users\\XriyalVixen\\OneDrive\\Documents\\Code\\Projects\\ProjectCadence\\weeks\\W05_20250901_rest-api\\src\\routes\\users.routes.js","statementMap":{"0":{"start":{"line":7,"column":15},"end":{"line":7,"column":23}},"1":{"start":{"line":9,"column":0},"end":{"line":9,"column":27}},"2":{"start":{"line":10,"column":0},"end":{"line":10,"column":51}},"3":{"start":{"line":11,"column":0},"end":{"line":11,"column":49}},"4":{"start":{"line":12,"column":0},"end":{"line":12,"column":52}},"5":{"start":{"line":13,"column":0},"end":{"line":13,"column":55}}},"fnMap":{},"branchMap":{},"s":{"0":7,"1":7,"2":7,"3":7,"4":7,"5":7},"f":{},"b":{},"inputSourceMap":null,"_coverageSchema":"1a1c01bbd47fc00a2c39e90264f33305004495a9","hash":"570aa4e805c07eb5580eb60938e7e4e8a165f4b8"}
,"C:\\Users\\XriyalVixen\\OneDrive\\Documents\\Code\\Projects\\ProjectCadence\\weeks\\W05_20250901_rest-api\\src\\schemas\\articles.schema.js": {"path":"C:\\Users\\XriyalVixen\\OneDrive\\Documents\\Code\\Projects\\ProjectCadence\\weeks\\W05_20250901_rest-api\\src\\schemas\\articles.schema.js","statementMap":{"0":{"start":{"line":3,"column":29},"end":{"line":7,"column":2}},"1":{"start":{"line":9,"column":29},"end":{"line":12,"column":9}}},"fnMap":{},"branchMap":{},"s":{"0":7,"1":7},"f":{},"b":{},"inputSourceMap":null,"_coverageSchema":"1a1c01bbd47fc00a2c39e90264f33305004495a9","hash":"9fb93d563cc0483fb800af5abf2db98558482c5b"}
,"C:\\Users\\XriyalVixen\\OneDrive\\Documents\\Code\\Projects\\ProjectCadence\\weeks\\W05_20250901_rest-api\\src\\schemas\\comments.schema.js": {"path":"C:\\Users\\XriyalVixen\\OneDrive\\Documents\\Code\\Projects\\ProjectCadence\\weeks\\W05_20250901_rest-api\\src\\schemas\\comments.schema.js","statementMap":{"0":{"start":{"line":3,"column":29},"end":{"line":7,"column":2}},"1":{"start":{"line":9,"column":29},"end":{"line":11,"column":9}}},"fnMap":{},"branchMap":{},"s":{"0":7,"1":7},"f":{},"b":{},"inputSourceMap":null,"_coverageSchema":"1a1c01bbd47fc00a2c39e90264f33305004495a9","hash":"eed6d0b91cea7c59094353d580fd9c3c0eae3f68"}
,"C:\\Users\\XriyalVixen\\OneDrive\\Documents\\Code\\Projects\\ProjectCadence\\weeks\\W05_20250901_rest-api\\src\\schemas\\users.schema.js": {"path":"C:\\Users\\XriyalVixen\\OneDrive\\Documents\\Code\\Projects\\ProjectCadence\\weeks\\W05_20250901_rest-api\\src\\schemas\\users.schema.js","statementMap":{"0":{"start":{"line":3,"column":26},"end":{"line":6,"column":2}},"1":{"start":{"line":8,"column":26},"end":{"line":11,"column":9}}},"fnMap":{},"branchMap":{},"s":{"0":7,"1":7},"f":{},"b":{},"inputSourceMap":null,"_coverageSchema":"1a1c01bbd47fc00a2c39e90264f33305004495a9","hash":"6391d5ea25607d2c71e1241316c3fdc4e0a6697f"}
,"C:\\Users\\XriyalVixen\\OneDrive\\Documents\\Code\\Projects\\ProjectCadence\\weeks\\W05_20250901_rest-api\\src\\utils\\http.js": {"path":"C:\\Users\\XriyalVixen\\OneDrive\\Documents\\Code\\Projects\\ProjectCadence\\weeks\\W05_20250901_rest-api\\src\\utils\\http.js","statementMap":{"0":{"start":{"line":4,"column":4},"end":{"line":4,"column":19}},"1":{"start":{"line":5,"column":4},"end":{"line":5,"column":25}},"2":{"start":{"line":8,"column":18},"end":{"line":9,"column":56}},"3":{"start":{"line":9,"column":2},"end":{"line":9,"column":56}},"4":{"start":{"line":11,"column":23},"end":{"line":12,"column":56}},"5":{"start":{"line":12,"column":2},"end":{"line":12,"column":56}}},"fnMap":{"0":{"name":"(anonymous_0)","decl":{"start":{"line":3,"column":2},"end":{"line":3,"column":3}},"loc":{"start":{"line":3,"column":31},"end":{"line":6,"column":3}},"line":3},"1":{"name":"(anonymous_1)","decl":{"start":{"line":8,"column":18},"end":{"line":8,"column":19}},"loc":{"start":{"line":9,"column":2},"end":{"line":9,"column":56}},"line":9},"2":{"name":"(anonymous_2)","decl":{"start":{"line":11,"column":23},"end":{"line":11,"column":24}},"loc":{"start":{"line":12,"column":2},"end":{"line":12,"column":56}},"line":12}},"branchMap":{"0":{"loc":{"start":{"line":9,"column":23},"end":{"line":9,"column":55}},"type":"cond-expr","locations":[{"start":{"line":9,"column":30},"end":{"line":9,"column":44}},{"start":{"line":9,"column":47},"end":{"line":9,"column":55}}],"line":9},"1":{"loc":{"start":{"line":12,"column":23},"end":{"line":12,"column":55}},"type":"cond-expr","locations":[{"start":{"line":12,"column":30},"end":{"line":12,"column":44}},{"start":{"line":12,"column":47},"end":{"line":12,"column":55}}],"line":12}},"s":{"0":3,"1":3,"2":7,"3":4,"4":7,"5":14},"f":{"0":3,"1":4,"2":14},"b":{"0":[3,1],"1":[0,14]},"inputSourceMap":null,"_coverageSchema":"1a1c01bbd47fc00a2c39e90264f33305004495a9","hash":"fb54e089c636fee856b2bba90bca65f09e0d2e93"}
,"C:\\Users\\XriyalVixen\\OneDrive\\Documents\\Code\\Projects\\ProjectCadence\\weeks\\W05_20250901_rest-api\\src\\utils\\query.js": {"path":"C:\\Users\\XriyalVixen\\OneDrive\\Documents\\Code\\Projects\\ProjectCadence\\weeks\\W05_20250901_rest-api\\src\\utils\\query.js","statementMap":{"0":{"start":{"line":2,"column":17},"end":{"line":2,"column":49}},"1":{"start":{"line":3,"column":18},"end":{"line":3,"column":67}},"2":{"start":{"line":4,"column":17},"end":{"line":4,"column":56}},"3":{"start":{"line":5,"column":4},"end":{"line":5,"column":93}},"4":{"start":{"line":9,"column":16},"end":{"line":13,"column":6}},"5":{"start":{"line":10,"column":17},"end":{"line":10,"column":30}},"6":{"start":{"line":10,"column":37},"end":{"line":10,"column":50}},"7":{"start":{"line":11,"column":6},"end":{"line":11,"column":30}},"8":{"start":{"line":11,"column":21},"end":{"line":11,"column":30}},"9":{"start":{"line":12,"column":6},"end":{"line":12,"column":65}},"10":{"start":{"line":14,"column":18},"end":{"line":14,"column":36}},"11":{"start":{"line":15,"column":18},"end":{"line":15,"column":49}},"12":{"start":{"line":16,"column":4},"end":{"line":16,"column":63}}},"fnMap":{"0":{"name":"parseQuery","decl":{"start":{"line":1,"column":16},"end":{"line":1,"column":26}},"loc":{"start":{"line":1,"column":30},"end":{"line":6,"column":3}},"line":1},"1":{"name":"applyListQuery","decl":{"start":{"line":8,"column":18},"end":{"line":8,"column":32}},"loc":{"start":{"line":8,"column":63},"end":{"line":17,"column":3}},"line":8},"2":{"name":"(anonymous_2)","decl":{"start":{"line":9,"column":32},"end":{"line":9,"column":33}},"loc":{"start":{"line":9,"column":42},"end":{"line":13,"column":5}},"line":9}},"branchMap":{"0":{"loc":{"start":{"line":2,"column":29},"end":{"line":2,"column":48}},"type":"binary-expr","locations":[{"start":{"line":2,"column":29},"end":{"line":2,"column":43}},{"start":{"line":2,"column":47},"end":{"line":2,"column":48}}],"line":2},"1":{"loc":{"start":{"line":3,"column":44},"end":{"line":3,"column":65}},"type":"binary-expr","locations":[{"start":{"line":3,"column":44},"end":{"line":3,"column":59}},{"start":{"line":3,"column":63},"end":{"line":3,"column":65}}],"line":3},"2":{"loc":{"start":{"line":4,"column":18},"end":{"line":4,"column":44}},"type":"binary-expr","locations":[{"start":{"line":4,"column":18},"end":{"line":4,"column":24}},{"start":{"line":4,"column":28},"end":{"line":4,"column":44}}],"line":4},"3":{"loc":{"start":{"line":5,"column":56},"end":{"line":5,"column":73}},"type":"binary-expr","locations":[{"start":{"line":5,"column":56},"end":{"line":5,"column":63}},{"start":{"line":5,"column":67},"end":{"line":5,"column":73}}],"line":5},"4":{"loc":{"start":{"line":11,"column":6},"end":{"line":11,"column":30}},"type":"if","locations":[{"start":{"line":11,"column":6},"end":{"line":11,"column":30}},{"start":{},"end":{}}],"line":11},"5":{"loc":{"start":{"line":12,"column":14},"end":{"line":12,"column":30}},"type":"cond-expr","locations":[{"start":{"line":12,"column":24},"end":{"line":12,"column":25}},{"start":{"line":12,"column":28},"end":{"line":12,"column":30}}],"line":12},"6":{"loc":{"start":{"line":12,"column":35},"end":{"line":12,"column":63}},"type":"cond-expr","locations":[{"start":{"line":12,"column":57},"end":{"line":12,"column":59}},{"start":{"line":12,"column":62},"end":{"line":12,"column":63}}],"line":12}},"s":{"0":3,"1":3,"2":3,"3":3,"4":3,"5":5,"6":5,"7":5,"8":0,"9":5,"10":3,"11":3,"12":3},"f":{"0":3,"1":3,"2":5},"b":{"0":[3,2],"1":[3,1],"2":[3,2],"3":[3,0],"4":[0,5],"5":[5,0],"6":[1,4]},"inputSourceMap":null,"_coverageSchema":"1a1c01bbd47fc00a2c39e90264f33305004495a9","hash":"05e0b84ea3d67d946f51cad6773622ed9eb82496"}
}
