TN:
SF:src\app.js
FN:41,(anonymous_0)
FN:49,(anonymous_1)
FN:56,(anonymous_2)
FN:57,(anonymous_3)
FNF:4
FNH:2
FNDA:23,(anonymous_0)
FNDA:0,(anonymous_1)
FNDA:0,(anonymous_2)
FNDA:1,(anonymous_3)
DA:19,7
DA:20,7
DA:23,7
DA:35,7
DA:36,7
DA:37,7
DA:38,7
DA:39,7
DA:41,23
DA:42,7
DA:43,7
DA:45,7
DA:46,7
DA:49,7
DA:50,0
DA:56,7
DA:57,7
DA:63,7
DA:64,7
DA:65,7
DA:66,7
DA:67,7
DA:69,7
DA:70,0
DA:71,0
DA:72,0
DA:75,7
DA:76,7
LF:28
LH:24
BRDA:69,0,0,0
BRDA:69,0,1,7
BRF:2
BRH:1
end_of_record
TN:
SF:src\config.js
FNF:0
FNH:0
DA:1,7
LF:1
LH:1
BRDA:2,0,0,7
BRDA:2,0,1,0
BRDA:3,1,0,7
BRDA:3,1,1,7
BRDA:4,2,0,7
BRDA:4,2,1,0
BRF:6
BRH:4
end_of_record
TN:
SF:src\server.js
FN:7,(anonymous_0)
FNF:1
FNH:0
FNDA:0,(anonymous_0)
DA:6,0
DA:7,0
DA:8,0
LF:3
LH:0
BRF:0
BRH:0
end_of_record
TN:
SF:src\controllers\articles.controller.js
FN:5,listArticles
FN:8,(anonymous_1)
FN:15,createArticle
FN:21,getArticle
FN:26,updateArticle
FN:31,removeArticle
FNF:6
FNH:5
FNDA:2,listArticles
FNDA:5,(anonymous_1)
FNDA:8,createArticle
FNDA:1,getArticle
FNDA:0,updateArticle
FNDA:1,removeArticle
DA:6,2
DA:7,2
DA:8,5
DA:10,2
DA:11,2
DA:12,2
DA:16,8
DA:17,8
DA:18,7
DA:19,7
DA:22,1
DA:23,1
DA:24,0
DA:27,0
DA:28,0
DA:29,0
DA:32,1
DA:33,1
DA:34,0
LF:19
LH:14
BRDA:7,0,0,1
BRDA:7,0,1,1
BRDA:17,1,0,1
BRDA:17,1,1,7
BRDA:23,2,0,1
BRDA:23,2,1,0
BRDA:28,3,0,0
BRDA:28,3,1,0
BRDA:33,4,0,1
BRDA:33,4,1,0
BRF:10
BRH:6
end_of_record
TN:
SF:src\controllers\comments.controller.js
FN:5,listComments
FN:8,(anonymous_1)
FN:14,createComment
FN:24,getComment
FN:29,updateComment
FN:34,removeComment
FNF:6
FNH:2
FNDA:1,listComments
FNDA:0,(anonymous_1)
FNDA:2,createComment
FNDA:0,getComment
FNDA:0,updateComment
FNDA:0,removeComment
DA:6,1
DA:7,1
DA:8,0
DA:10,1
DA:11,1
DA:12,1
DA:15,2
DA:16,2
DA:17,2
DA:18,2
DA:19,0
DA:21,2
DA:22,2
DA:25,0
DA:26,0
DA:27,0
DA:30,0
DA:31,0
DA:32,0
DA:35,0
DA:36,0
DA:37,0
LF:22
LH:11
BRDA:7,0,0,0
BRDA:7,0,1,1
BRDA:17,1,0,0
BRDA:17,1,1,2
BRDA:18,2,0,0
BRDA:18,2,1,2
BRDA:18,3,0,2
BRDA:18,3,1,1
BRDA:26,4,0,0
BRDA:26,4,1,0
BRDA:31,5,0,0
BRDA:31,5,1,0
BRDA:36,6,0,0
BRDA:36,6,1,0
BRF:14
BRH:5
end_of_record
TN:
SF:src\controllers\users.controller.js
FN:4,listUsers
FN:8,createUser
FN:13,getUser
FN:19,updateUser
FN:25,removeUser
FNF:5
FNH:2
FNDA:1,listUsers
FNDA:5,createUser
FNDA:0,getUser
FNDA:0,updateUser
FNDA:0,removeUser
DA:5,1
DA:9,5
DA:10,5
DA:14,0
DA:15,0
DA:16,0
DA:20,0
DA:21,0
DA:22,0
DA:26,0
DA:27,0
DA:28,0
LF:12
LH:3
BRDA:15,0,0,0
BRDA:15,0,1,0
BRDA:21,1,0,0
BRDA:21,1,1,0
BRDA:27,2,0,0
BRDA:27,2,1,0
BRF:6
BRH:0
end_of_record
TN:
SF:src\middleware\apiKey.js
FN:4,apiKey
FN:6,(anonymous_1)
FNF:2
FNH:2
FNDA:21,apiKey
FNDA:10,(anonymous_1)
DA:5,21
DA:6,21
DA:8,10
DA:10,10
DA:11,10
DA:12,1
LF:6
LH:6
BRDA:8,0,0,0
BRDA:8,0,1,10
BRDA:10,1,0,10
BRDA:10,1,1,1
BRDA:11,2,0,9
BRDA:11,2,1,1
BRF:6
BRH:5
end_of_record
TN:
SF:src\middleware\errorHandler.js
FN:3,(anonymous_0)
FN:8,(anonymous_1)
FNF:2
FNH:1
FNDA:3,(anonymous_0)
FNDA:0,(anonymous_1)
DA:3,7
DA:4,3
DA:5,0
DA:8,0
DA:11,3
DA:12,3
DA:14,0
DA:15,0
LF:8
LH:4
BRDA:4,0,0,0
BRDA:4,0,1,3
BRDA:4,1,0,3
BRDA:4,1,1,3
BRDA:11,2,0,3
BRDA:11,2,1,0
BRDA:14,3,0,0
BRDA:14,3,1,0
BRDA:15,4,0,0
BRDA:15,4,1,0
BRF:10
BRH:4
end_of_record
TN:
SF:src\middleware\notFound.js
FN:1,(anonymous_0)
FNF:1
FNH:0
FNDA:0,(anonymous_0)
DA:1,7
DA:2,0
LF:2
LH:1
BRF:0
BRH:0
end_of_record
TN:
SF:src\middleware\requestId.js
FN:2,requestId
FNF:1
FNH:1
FNDA:23,requestId
DA:3,23
DA:4,23
LF:2
LH:2
BRF:0
BRH:0
end_of_record
TN:
SF:src\middleware\validate.js
FN:1,(anonymous_0)
FN:1,(anonymous_1)
FNF:2
FNH:2
FNDA:42,(anonymous_0)
FNDA:15,(anonymous_1)
DA:1,42
DA:2,15
DA:5,15
DA:6,15
DA:7,15
LF:5
LH:5
BRDA:5,0,0,0
BRDA:5,0,1,15
BRF:2
BRH:1
end_of_record
TN:
SF:src\middleware\validateParam.js
FN:2,(anonymous_0)
FN:2,(anonymous_1)
FNF:2
FNH:2
FNDA:35,(anonymous_0)
FNDA:1,(anonymous_1)
DA:1,7
DA:2,35
DA:3,1
DA:4,1
DA:5,1
LF:5
LH:5
BRDA:2,0,0,21
BRDA:4,1,0,0
BRDA:4,1,1,1
BRF:3
BRH:2
end_of_record
TN:
SF:src\models\db.js
FN:3,createStore
FN:6,(anonymous_1)
FN:7,(anonymous_2)
FN:8,(anonymous_3)
FN:14,(anonymous_4)
FN:21,(anonymous_5)
FN:22,(anonymous_6)
FN:30,(anonymous_7)
FNF:8
FNH:7
FNDA:21,createStore
FNDA:4,(anonymous_1)
FNDA:12,(anonymous_2)
FNDA:14,(anonymous_3)
FNDA:0,(anonymous_4)
FNDA:1,(anonymous_5)
FNDA:27,(anonymous_6)
FNDA:9,(anonymous_7)
DA:4,21
DA:5,21
DA:6,4
DA:7,12
DA:9,14
DA:10,14
DA:11,14
DA:12,14
DA:15,0
DA:16,0
DA:17,0
DA:18,0
DA:19,0
DA:21,1
DA:22,27
DA:26,7
DA:31,9
DA:32,9
DA:33,9
LF:19
LH:14
BRDA:7,0,0,12
BRDA:7,0,1,2
BRDA:16,1,0,0
BRDA:16,1,1,0
BRF:4
BRH:2
end_of_record
TN:
SF:src\routes\articles.routes.js
FNF:0
FNH:0
DA:8,7
DA:9,7
DA:10,7
DA:11,7
DA:12,7
DA:13,7
LF:6
LH:6
BRF:0
BRH:0
end_of_record
TN:
SF:src\routes\comments.routes.js
FNF:0
FNH:0
DA:7,7
DA:8,7
DA:9,7
DA:10,7
DA:11,7
DA:12,7
LF:6
LH:6
BRF:0
BRH:0
end_of_record
TN:
SF:src\routes\users.routes.js
FNF:0
FNH:0
DA:7,7
DA:9,7
DA:10,7
DA:11,7
DA:12,7
DA:13,7
LF:6
LH:6
BRF:0
BRH:0
end_of_record
TN:
SF:src\schemas\articles.schema.js
FNF:0
FNH:0
DA:3,7
DA:9,7
LF:2
LH:2
BRF:0
BRH:0
end_of_record
TN:
SF:src\schemas\comments.schema.js
FNF:0
FNH:0
DA:3,7
DA:9,7
LF:2
LH:2
BRF:0
BRH:0
end_of_record
TN:
SF:src\schemas\users.schema.js
FNF:0
FNH:0
DA:3,7
DA:8,7
LF:2
LH:2
BRF:0
BRH:0
end_of_record
TN:
SF:src\utils\http.js
FN:3,(anonymous_0)
FN:8,(anonymous_1)
FN:11,(anonymous_2)
FNF:3
FNH:3
FNDA:3,(anonymous_0)
FNDA:4,(anonymous_1)
FNDA:14,(anonymous_2)
DA:4,3
DA:5,3
DA:8,7
DA:9,4
DA:11,7
DA:12,14
LF:6
LH:6
BRDA:9,0,0,3
BRDA:9,0,1,1
BRDA:12,1,0,0
BRDA:12,1,1,14
BRF:4
BRH:3
end_of_record
TN:
SF:src\utils\query.js
FN:1,parseQuery
FN:8,applyListQuery
FN:9,(anonymous_2)
FNF:3
FNH:3
FNDA:3,parseQuery
FNDA:3,applyListQuery
FNDA:5,(anonymous_2)
DA:2,3
DA:3,3
DA:4,3
DA:5,3
DA:9,3
DA:10,5
DA:11,5
DA:12,5
DA:14,3
DA:15,3
DA:16,3
LF:11
LH:11
BRDA:2,0,0,3
BRDA:2,0,1,2
BRDA:3,1,0,3
BRDA:3,1,1,1
BRDA:4,2,0,3
BRDA:4,2,1,2
BRDA:5,3,0,3
BRDA:5,3,1,0
BRDA:11,4,0,0
BRDA:11,4,1,5
BRDA:12,5,0,5
BRDA:12,5,1,0
BRDA:12,6,0,1
BRDA:12,6,1,4
BRF:14
BRH:11
end_of_record
