TN:
SF:src\app.js
FN:25,(anonymous_0)
FN:31,(anonymous_1)
FN:38,(anonymous_2)
FN:39,(anonymous_3)
FNF:4
FNH:2
FNDA:15,(anonymous_0)
FNDA:0,(anonymous_1)
FNDA:0,(anonymous_2)
FNDA:1,(anonymous_3)
DA:16,4
DA:17,4
DA:19,4
DA:20,4
DA:21,4
DA:22,4
DA:23,4
DA:25,15
DA:26,4
DA:27,4
DA:31,4
DA:32,0
DA:38,4
DA:39,4
DA:40,4
DA:41,4
DA:42,4
DA:44,4
DA:45,0
DA:46,0
DA:47,0
DA:50,4
DA:51,4
LF:23
LH:19
BRDA:44,0,0,0
BRDA:44,0,1,4
BRF:2
BRH:1
end_of_record
TN:
SF:src\config.js
FNF:0
FNH:0
DA:1,4
LF:1
LH:1
BRDA:2,0,0,4
BRDA:2,0,1,0
BRDA:3,1,0,4
BRDA:3,1,1,4
BRDA:4,2,0,4
BRDA:4,2,1,0
BRF:6
BRH:4
end_of_record
TN:
SF:src\server.js
FN:7,(anonymous_0)
FNF:1
FNH:0
FNDA:0,(anonymous_0)
DA:6,0
DA:7,0
DA:8,0
LF:3
LH:0
BRF:0
BRH:0
end_of_record
TN:
SF:src\controllers\articles.controller.js
FN:5,listArticles
FN:8,(anonymous_1)
FN:15,createArticle
FN:21,getArticle
FN:26,updateArticle
FN:31,removeArticle
FNF:6
FNH:4
FNDA:2,listArticles
FNDA:5,(anonymous_1)
FNDA:7,createArticle
FNDA:1,getArticle
FNDA:0,updateArticle
FNDA:0,removeArticle
DA:6,2
DA:7,2
DA:8,5
DA:10,2
DA:11,2
DA:12,2
DA:16,7
DA:17,7
DA:18,6
DA:19,6
DA:22,1
DA:23,1
DA:24,0
DA:27,0
DA:28,0
DA:29,0
DA:32,0
DA:33,0
DA:34,0
LF:19
LH:12
BRDA:7,0,0,1
BRDA:7,0,1,1
BRDA:17,1,0,1
BRDA:17,1,1,6
BRDA:23,2,0,1
BRDA:23,2,1,0
BRDA:28,3,0,0
BRDA:28,3,1,0
BRDA:33,4,0,0
BRDA:33,4,1,0
BRF:10
BRH:5
end_of_record
TN:
SF:src\controllers\comments.controller.js
FN:5,listComments
FN:8,(anonymous_1)
FN:14,createComment
FN:24,getComment
FN:29,updateComment
FN:34,removeComment
FNF:6
FNH:0
FNDA:0,listComments
FNDA:0,(anonymous_1)
FNDA:0,createComment
FNDA:0,getComment
FNDA:0,updateComment
FNDA:0,removeComment
DA:6,0
DA:7,0
DA:8,0
DA:10,0
DA:11,0
DA:12,0
DA:15,0
DA:16,0
DA:17,0
DA:18,0
DA:19,0
DA:21,0
DA:22,0
DA:25,0
DA:26,0
DA:27,0
DA:30,0
DA:31,0
DA:32,0
DA:35,0
DA:36,0
DA:37,0
LF:22
LH:0
BRDA:7,0,0,0
BRDA:7,0,1,0
BRDA:17,1,0,0
BRDA:17,1,1,0
BRDA:18,2,0,0
BRDA:18,2,1,0
BRDA:18,3,0,0
BRDA:18,3,1,0
BRDA:26,4,0,0
BRDA:26,4,1,0
BRDA:31,5,0,0
BRDA:31,5,1,0
BRDA:36,6,0,0
BRDA:36,6,1,0
BRF:14
BRH:0
end_of_record
TN:
SF:src\controllers\users.controller.js
FN:4,listUsers
FN:8,createUser
FN:13,getUser
FN:19,updateUser
FN:25,removeUser
FNF:5
FNH:2
FNDA:1,listUsers
FNDA:3,createUser
FNDA:0,getUser
FNDA:0,updateUser
FNDA:0,removeUser
DA:5,1
DA:9,3
DA:10,3
DA:14,0
DA:15,0
DA:16,0
DA:20,0
DA:21,0
DA:22,0
DA:26,0
DA:27,0
DA:28,0
LF:12
LH:3
BRDA:15,0,0,0
BRDA:15,0,1,0
BRDA:21,1,0,0
BRDA:21,1,1,0
BRDA:27,2,0,0
BRDA:27,2,1,0
BRF:6
BRH:0
end_of_record
TN:
SF:src\middleware\apiKey.js
FN:4,apiKey
FN:6,(anonymous_1)
FNF:2
FNH:2
FNDA:12,apiKey
FNDA:7,(anonymous_1)
DA:5,12
DA:6,12
DA:8,7
DA:10,0
DA:11,0
DA:12,0
LF:6
LH:3
BRDA:8,0,0,7
BRDA:8,0,1,0
BRDA:8,1,0,7
BRDA:8,1,1,7
BRDA:10,2,0,0
BRDA:10,2,1,0
BRDA:11,3,0,0
BRDA:11,3,1,0
BRF:8
BRH:3
end_of_record
TN:
SF:src\middleware\errorHandler.js
FN:3,(anonymous_0)
FN:8,(anonymous_1)
FNF:2
FNH:1
FNDA:2,(anonymous_0)
FNDA:0,(anonymous_1)
DA:3,4
DA:4,2
DA:5,0
DA:8,0
DA:11,2
DA:12,2
DA:14,0
DA:15,0
LF:8
LH:4
BRDA:4,0,0,0
BRDA:4,0,1,2
BRDA:4,1,0,2
BRDA:4,1,1,2
BRDA:11,2,0,2
BRDA:11,2,1,0
BRDA:14,3,0,0
BRDA:14,3,1,0
BRDA:15,4,0,0
BRDA:15,4,1,0
BRF:10
BRH:4
end_of_record
TN:
SF:src\middleware\notFound.js
FN:1,(anonymous_0)
FNF:1
FNH:0
FNDA:0,(anonymous_0)
DA:1,4
DA:2,0
LF:2
LH:1
BRF:0
BRH:0
end_of_record
TN:
SF:src\middleware\requestId.js
FN:2,requestId
FNF:1
FNH:1
FNDA:15,requestId
DA:3,15
DA:4,15
LF:2
LH:2
BRF:0
BRH:0
end_of_record
TN:
SF:src\middleware\validate.js
FN:1,(anonymous_0)
FN:1,(anonymous_1)
FNF:2
FNH:2
FNDA:24,(anonymous_0)
FNDA:10,(anonymous_1)
DA:1,24
DA:2,10
DA:5,10
DA:6,10
DA:7,10
LF:5
LH:5
BRDA:5,0,0,0
BRDA:5,0,1,10
BRF:2
BRH:1
end_of_record
TN:
SF:src\middleware\validateParam.js
FN:2,(anonymous_0)
FN:2,(anonymous_1)
FNF:2
FNH:2
FNDA:12,(anonymous_0)
FNDA:1,(anonymous_1)
DA:1,4
DA:2,12
DA:3,1
DA:4,1
DA:5,1
LF:5
LH:5
BRDA:2,0,0,0
BRDA:4,1,0,0
BRDA:4,1,1,1
BRF:3
BRH:1
end_of_record
TN:
SF:src\models\db.js
FN:3,createStore
FN:6,(anonymous_1)
FN:7,(anonymous_2)
FN:8,(anonymous_3)
FN:14,(anonymous_4)
FN:21,(anonymous_5)
FN:22,(anonymous_6)
FN:30,(anonymous_7)
FNF:8
FNH:6
FNDA:12,createStore
FNDA:3,(anonymous_1)
FNDA:8,(anonymous_2)
FNDA:9,(anonymous_3)
FNDA:0,(anonymous_4)
FNDA:0,(anonymous_5)
FNDA:18,(anonymous_6)
FNDA:6,(anonymous_7)
DA:4,12
DA:5,12
DA:6,3
DA:7,8
DA:9,9
DA:10,9
DA:11,9
DA:12,9
DA:15,0
DA:16,0
DA:17,0
DA:18,0
DA:19,0
DA:21,0
DA:22,18
DA:26,4
DA:31,6
DA:32,6
DA:33,6
LF:19
LH:13
BRDA:7,0,0,8
BRDA:7,0,1,2
BRDA:16,1,0,0
BRDA:16,1,1,0
BRF:4
BRH:2
end_of_record
TN:
SF:src\routes\articles.routes.js
FNF:0
FNH:0
DA:8,4
DA:9,4
DA:10,4
DA:11,4
DA:12,4
DA:13,4
LF:6
LH:6
BRF:0
BRH:0
end_of_record
TN:
SF:src\routes\comments.routes.js
FNF:0
FNH:0
DA:7,4
DA:8,4
DA:9,4
DA:10,4
DA:11,4
DA:12,4
LF:6
LH:6
BRF:0
BRH:0
end_of_record
TN:
SF:src\routes\users.routes.js
FNF:0
FNH:0
DA:7,4
DA:9,4
DA:10,4
DA:11,4
DA:12,4
DA:13,4
DA:14,4
LF:7
LH:7
BRF:0
BRH:0
end_of_record
TN:
SF:src\schemas\articles.schema.js
FNF:0
FNH:0
DA:3,4
DA:9,4
LF:2
LH:2
BRF:0
BRH:0
end_of_record
TN:
SF:src\schemas\comments.schema.js
FNF:0
FNH:0
DA:3,4
DA:9,4
LF:2
LH:2
BRF:0
BRH:0
end_of_record
TN:
SF:src\schemas\users.schema.js
FNF:0
FNH:0
DA:3,4
DA:8,4
LF:2
LH:2
BRF:0
BRH:0
end_of_record
TN:
SF:src\utils\http.js
FN:3,(anonymous_0)
FN:8,(anonymous_1)
FN:11,(anonymous_2)
FNF:3
FNH:3
FNDA:2,(anonymous_0)
FNDA:3,(anonymous_1)
FNDA:9,(anonymous_2)
DA:4,2
DA:5,2
DA:8,4
DA:9,3
DA:11,4
DA:12,9
LF:6
LH:6
BRDA:9,0,0,2
BRDA:9,0,1,1
BRDA:12,1,0,0
BRDA:12,1,1,9
BRF:4
BRH:3
end_of_record
TN:
SF:src\utils\query.js
FN:1,parseQuery
FN:8,applyListQuery
FN:9,(anonymous_2)
FNF:3
FNH:3
FNDA:2,parseQuery
FNDA:2,applyListQuery
FNDA:4,(anonymous_2)
DA:2,2
DA:3,2
DA:4,2
DA:5,2
DA:9,2
DA:10,4
DA:11,4
DA:12,4
DA:14,2
DA:15,2
DA:16,2
LF:11
LH:11
BRDA:2,0,0,2
BRDA:2,0,1,1
BRDA:3,1,0,2
BRDA:3,1,1,1
BRDA:4,2,0,2
BRDA:4,2,1,1
BRDA:5,3,0,2
BRDA:5,3,1,0
BRDA:11,4,0,0
BRDA:11,4,1,4
BRDA:12,5,0,4
BRDA:12,5,1,0
BRDA:12,6,0,0
BRDA:12,6,1,4
BRF:14
BRH:10
end_of_record
